DEBUG 2025-06-23 16:03:11,247 utils 1600 2560 (0.000) 
            SELECT name, type FROM sqlite_master
            WHERE type in ('table', 'view') AND NOT name='sqlite_sequence'
            ORDER BY name; args=None; alias=default
DEBUG 2025-06-23 16:03:11,393 utils 1600 2560 (0.000) 
            SELECT name, type FROM sqlite_master
            WHERE type in ('table', 'view') AND NOT name='sqlite_sequence'
            ORDER BY name; args=None; alias=default
DEBUG 2025-06-23 16:03:11,395 utils 1600 2560 (0.000) SELECT "django_migrations"."id", "django_migrations"."app", "django_migrations"."name", "django_migrations"."applied" FROM "django_migrations"; args=(); alias=default
DEBUG 2025-06-23 16:03:14,134 utils 11056 16024 (0.000) 
            SELECT name, type FROM sqlite_master
            WHERE type in ('table', 'view') AND NOT name='sqlite_sequence'
            ORDER BY name; args=None; alias=default
DEBUG 2025-06-23 16:03:14,280 utils 11056 16024 (0.000) 
            SELECT name, type FROM sqlite_master
            WHERE type in ('table', 'view') AND NOT name='sqlite_sequence'
            ORDER BY name; args=None; alias=default
DEBUG 2025-06-23 16:03:14,283 utils 11056 16024 (0.000) SELECT "django_migrations"."id", "django_migrations"."app", "django_migrations"."name", "django_migrations"."applied" FROM "django_migrations"; args=(); alias=default
DEBUG 2025-06-23 16:03:14,284 utils 11056 16024 (0.000) 
            SELECT name, type FROM sqlite_master
            WHERE type in ('table', 'view') AND NOT name='sqlite_sequence'
            ORDER BY name; args=None; alias=default
DEBUG 2025-06-23 16:03:14,284 utils 11056 16024 (0.000) SELECT "django_migrations"."id", "django_migrations"."app", "django_migrations"."name", "django_migrations"."applied" FROM "django_migrations"; args=(); alias=default
DEBUG 2025-06-23 16:03:14,307 utils 11056 16024 (0.000) 
            SELECT name, type FROM sqlite_master
            WHERE type in ('table', 'view') AND NOT name='sqlite_sequence'
            ORDER BY name; args=None; alias=default
DEBUG 2025-06-23 16:03:14,307 utils 11056 16024 (0.000) SELECT "django_migrations"."id", "django_migrations"."app", "django_migrations"."name", "django_migrations"."applied" FROM "django_migrations"; args=(); alias=default
DEBUG 2025-06-23 16:03:14,308 utils 11056 16024 (0.000) SELECT "django_content_type"."id", "django_content_type"."app_label", "django_content_type"."model" FROM "django_content_type" WHERE "django_content_type"."app_label" = 'whatsapp'; args=('whatsapp',); alias=default
DEBUG 2025-06-23 16:03:14,309 utils 11056 16024 (0.000) SELECT "django_content_type"."id", "django_content_type"."app_label", "django_content_type"."model" FROM "django_content_type" WHERE ("django_content_type"."app_label" = 'whatsapp' AND "django_content_type"."model" IN ('whatsappmessage')); args=('whatsapp', 'whatsappmessage'); alias=default
DEBUG 2025-06-23 16:03:14,311 utils 11056 16024 (0.000) SELECT "auth_permission"."content_type_id" AS "content_type", "auth_permission"."codename" AS "codename" FROM "auth_permission" INNER JOIN "django_content_type" ON ("auth_permission"."content_type_id" = "django_content_type"."id") WHERE "auth_permission"."content_type_id" IN (13) ORDER BY "django_content_type"."app_label" ASC, "django_content_type"."model" ASC, 2 ASC; args=(13,); alias=default
DEBUG 2025-06-23 16:03:14,311 utils 11056 16024 (0.000) SELECT "django_content_type"."id", "django_content_type"."app_label", "django_content_type"."model" FROM "django_content_type" WHERE "django_content_type"."app_label" = 'whatsapp'; args=('whatsapp',); alias=default
DEBUG 2025-06-23 16:03:14,312 utils 11056 16024 (0.000) SELECT "django_content_type"."id", "django_content_type"."app_label", "django_content_type"."model" FROM "django_content_type" WHERE "django_content_type"."app_label" = 'backend'; args=('backend',); alias=default
DEBUG 2025-06-23 16:03:14,312 utils 11056 16024 (0.000) SELECT "django_content_type"."id", "django_content_type"."app_label", "django_content_type"."model" FROM "django_content_type" WHERE ("django_content_type"."app_label" = 'backend' AND "django_content_type"."model" IN ('emailintegrationsettings', 'client', 'lead', 'leadpaymentoperation', 'customuser')); args=('backend', 'emailintegrationsettings', 'client', 'lead', 'leadpaymentoperation', 'customuser'); alias=default
DEBUG 2025-06-23 16:03:14,314 utils 11056 16024 (0.000) SELECT "auth_permission"."content_type_id" AS "content_type", "auth_permission"."codename" AS "codename" FROM "auth_permission" INNER JOIN "django_content_type" ON ("auth_permission"."content_type_id" = "django_content_type"."id") WHERE "auth_permission"."content_type_id" IN (7, 8, 9, 11, 12) ORDER BY "django_content_type"."app_label" ASC, "django_content_type"."model" ASC, 2 ASC; args=(7, 8, 9, 11, 12); alias=default
DEBUG 2025-06-23 16:03:14,314 utils 11056 16024 (0.000) SELECT "django_content_type"."id", "django_content_type"."app_label", "django_content_type"."model" FROM "django_content_type" WHERE "django_content_type"."app_label" = 'backend'; args=('backend',); alias=default
DEBUG 2025-06-23 16:03:14,315 utils 11056 16024 (0.000) SELECT "django_content_type"."id", "django_content_type"."app_label", "django_content_type"."model" FROM "django_content_type" WHERE "django_content_type"."app_label" = 'admin'; args=('admin',); alias=default
DEBUG 2025-06-23 16:03:14,315 utils 11056 16024 (0.000) SELECT "django_content_type"."id", "django_content_type"."app_label", "django_content_type"."model" FROM "django_content_type" WHERE ("django_content_type"."app_label" = 'admin' AND "django_content_type"."model" IN ('logentry')); args=('admin', 'logentry'); alias=default
DEBUG 2025-06-23 16:03:14,316 utils 11056 16024 (0.000) SELECT "auth_permission"."content_type_id" AS "content_type", "auth_permission"."codename" AS "codename" FROM "auth_permission" INNER JOIN "django_content_type" ON ("auth_permission"."content_type_id" = "django_content_type"."id") WHERE "auth_permission"."content_type_id" IN (1) ORDER BY "django_content_type"."app_label" ASC, "django_content_type"."model" ASC, 2 ASC; args=(1,); alias=default
DEBUG 2025-06-23 16:03:14,317 utils 11056 16024 (0.000) SELECT "django_content_type"."id", "django_content_type"."app_label", "django_content_type"."model" FROM "django_content_type" WHERE "django_content_type"."app_label" = 'admin'; args=('admin',); alias=default
DEBUG 2025-06-23 16:03:14,317 utils 11056 16024 (0.000) SELECT "django_content_type"."id", "django_content_type"."app_label", "django_content_type"."model" FROM "django_content_type" WHERE "django_content_type"."app_label" = 'auth'; args=('auth',); alias=default
DEBUG 2025-06-23 16:03:14,318 utils 11056 16024 (0.000) SELECT "django_content_type"."id", "django_content_type"."app_label", "django_content_type"."model" FROM "django_content_type" WHERE ("django_content_type"."app_label" = 'auth' AND "django_content_type"."model" IN ('user', 'group', 'permission')); args=('auth', 'user', 'group', 'permission'); alias=default
DEBUG 2025-06-23 16:03:14,319 utils 11056 16024 (0.000) SELECT "auth_permission"."content_type_id" AS "content_type", "auth_permission"."codename" AS "codename" FROM "auth_permission" INNER JOIN "django_content_type" ON ("auth_permission"."content_type_id" = "django_content_type"."id") WHERE "auth_permission"."content_type_id" IN (2, 3, 4) ORDER BY "django_content_type"."app_label" ASC, "django_content_type"."model" ASC, 2 ASC; args=(2, 3, 4); alias=default
DEBUG 2025-06-23 16:03:14,319 utils 11056 16024 (0.000) SELECT "django_content_type"."id", "django_content_type"."app_label", "django_content_type"."model" FROM "django_content_type" WHERE "django_content_type"."app_label" = 'auth'; args=('auth',); alias=default
DEBUG 2025-06-23 16:03:14,320 utils 11056 16024 (0.000) SELECT "django_content_type"."id", "django_content_type"."app_label", "django_content_type"."model" FROM "django_content_type" WHERE "django_content_type"."app_label" = 'contenttypes'; args=('contenttypes',); alias=default
DEBUG 2025-06-23 16:03:14,320 utils 11056 16024 (0.000) SELECT "django_content_type"."id", "django_content_type"."app_label", "django_content_type"."model" FROM "django_content_type" WHERE ("django_content_type"."app_label" = 'contenttypes' AND "django_content_type"."model" IN ('contenttype')); args=('contenttypes', 'contenttype'); alias=default
DEBUG 2025-06-23 16:03:14,321 utils 11056 16024 (0.000) SELECT "auth_permission"."content_type_id" AS "content_type", "auth_permission"."codename" AS "codename" FROM "auth_permission" INNER JOIN "django_content_type" ON ("auth_permission"."content_type_id" = "django_content_type"."id") WHERE "auth_permission"."content_type_id" IN (5) ORDER BY "django_content_type"."app_label" ASC, "django_content_type"."model" ASC, 2 ASC; args=(5,); alias=default
DEBUG 2025-06-23 16:03:14,322 utils 11056 16024 (0.000) SELECT "django_content_type"."id", "django_content_type"."app_label", "django_content_type"."model" FROM "django_content_type" WHERE "django_content_type"."app_label" = 'contenttypes'; args=('contenttypes',); alias=default
DEBUG 2025-06-23 16:03:14,322 utils 11056 16024 (0.000) SELECT "django_content_type"."id", "django_content_type"."app_label", "django_content_type"."model" FROM "django_content_type" WHERE "django_content_type"."app_label" = 'sessions'; args=('sessions',); alias=default
DEBUG 2025-06-23 16:03:14,323 utils 11056 16024 (0.000) SELECT "django_content_type"."id", "django_content_type"."app_label", "django_content_type"."model" FROM "django_content_type" WHERE ("django_content_type"."app_label" = 'sessions' AND "django_content_type"."model" IN ('session')); args=('sessions', 'session'); alias=default
DEBUG 2025-06-23 16:03:14,324 utils 11056 16024 (0.000) SELECT "auth_permission"."content_type_id" AS "content_type", "auth_permission"."codename" AS "codename" FROM "auth_permission" INNER JOIN "django_content_type" ON ("auth_permission"."content_type_id" = "django_content_type"."id") WHERE "auth_permission"."content_type_id" IN (6) ORDER BY "django_content_type"."app_label" ASC, "django_content_type"."model" ASC, 2 ASC; args=(6,); alias=default
DEBUG 2025-06-23 16:03:14,324 utils 11056 16024 (0.000) SELECT "django_content_type"."id", "django_content_type"."app_label", "django_content_type"."model" FROM "django_content_type" WHERE "django_content_type"."app_label" = 'sessions'; args=('sessions',); alias=default
DEBUG 2025-06-23 16:03:23,479 utils 9496 13200 (0.000) 
            SELECT name, type FROM sqlite_master
            WHERE type in ('table', 'view') AND NOT name='sqlite_sequence'
            ORDER BY name; args=None; alias=default
DEBUG 2025-06-23 16:03:23,999 utils 20296 1256 (0.000) SELECT "backend_emailintegrationsettings"."id", "backend_emailintegrationsettings"."name", "backend_emailintegrationsettings"."email", "backend_emailintegrationsettings"."app_password", "backend_emailintegrationsettings"."imap_host", "backend_emailintegrationsettings"."folder", "backend_emailintegrationsettings"."allowed_sender", "backend_emailintegrationsettings"."allowed_subject_keyword", "backend_emailintegrationsettings"."check_interval" FROM "backend_emailintegrationsettings" WHERE "backend_emailintegrationsettings"."name" = 'default' LIMIT 21; args=('default',); alias=default
DEBUG 2025-06-23 16:03:24,139 utils 20296 20572 (0.000) 
            SELECT name, type FROM sqlite_master
            WHERE type in ('table', 'view') AND NOT name='sqlite_sequence'
            ORDER BY name; args=None; alias=default
DEBUG 2025-06-23 16:03:24,274 utils 20296 18540 (0.000) 
            SELECT name, type FROM sqlite_master
            WHERE type in ('table', 'view') AND NOT name='sqlite_sequence'
            ORDER BY name; args=None; alias=default
DEBUG 2025-06-23 16:03:24,275 utils 20296 18540 (0.000) SELECT "django_migrations"."id", "django_migrations"."app", "django_migrations"."name", "django_migrations"."applied" FROM "django_migrations"; args=(); alias=default
DEBUG 2025-06-23 16:05:05,264 utils 18760 18236 (0.000) 
            SELECT name, type FROM sqlite_master
            WHERE type in ('table', 'view') AND NOT name='sqlite_sequence'
            ORDER BY name; args=None; alias=default
DEBUG 2025-06-23 16:05:05,790 utils 13652 12916 (0.000) SELECT "backend_emailintegrationsettings"."id", "backend_emailintegrationsettings"."name", "backend_emailintegrationsettings"."email", "backend_emailintegrationsettings"."app_password", "backend_emailintegrationsettings"."imap_host", "backend_emailintegrationsettings"."folder", "backend_emailintegrationsettings"."allowed_sender", "backend_emailintegrationsettings"."allowed_subject_keyword", "backend_emailintegrationsettings"."check_interval" FROM "backend_emailintegrationsettings" WHERE "backend_emailintegrationsettings"."name" = 'default' LIMIT 21; args=('default',); alias=default
DEBUG 2025-06-23 16:05:05,932 utils 13652 11300 (0.000) 
            SELECT name, type FROM sqlite_master
            WHERE type in ('table', 'view') AND NOT name='sqlite_sequence'
            ORDER BY name; args=None; alias=default
DEBUG 2025-06-23 16:05:06,073 utils 13652 1352 (0.000) 
            SELECT name, type FROM sqlite_master
            WHERE type in ('table', 'view') AND NOT name='sqlite_sequence'
            ORDER BY name; args=None; alias=default
DEBUG 2025-06-23 16:05:06,074 utils 13652 1352 (0.000) SELECT "django_migrations"."id", "django_migrations"."app", "django_migrations"."name", "django_migrations"."applied" FROM "django_migrations"; args=(); alias=default
DEBUG 2025-06-23 16:05:16,204 utils 13652 17548 (0.000) SELECT "cache_key", "value", "expires" FROM "cache_table" WHERE "cache_key" IN (':1:views.decorators.cache.cache_header.nashcrm.40766eeb75f23ac6cded11f76103fef7.uk.Europe/Kyiv'); args=[':1:views.decorators.cache.cache_header.nashcrm.40766eeb75f23ac6cded11f76103fef7.uk.Europe/Kyiv']; alias=default
DEBUG 2025-06-23 16:05:16,328 utils 13652 17548 (0.000) SELECT "cache_key", "value", "expires" FROM "cache_table" WHERE "cache_key" IN (':1:django.contrib.sessions.cache2u0br7q8jlekinqrks9wpw0zrrx2cagf'); args=[':1:django.contrib.sessions.cache2u0br7q8jlekinqrks9wpw0zrrx2cagf']; alias=default
ERROR 2025-06-23 16:05:16,384 log 13652 17548 Internal Server Error: /admin/auth/user/
Traceback (most recent call last):
  File "C:\Users\r2r-company-home\Desktop\NashCRM\lib\site-packages\django\db\backends\utils.py", line 105, in _execute
    return self.cursor.execute(sql, params)
  File "C:\Users\r2r-company-home\Desktop\NashCRM\lib\site-packages\django\db\backends\sqlite3\base.py", line 360, in execute
    return super().execute(query, params)
sqlite3.OperationalError: no such table: cache_table

The above exception was the direct cause of the following exception:

Traceback (most recent call last):
  File "C:\Users\r2r-company-home\Desktop\NashCRM\lib\site-packages\django\core\handlers\exception.py", line 55, in inner
    response = get_response(request)
  File "C:\Users\r2r-company-home\Desktop\NashCRM\lib\site-packages\django\utils\deprecation.py", line 119, in __call__
    response = self.process_request(request)
  File "C:\Users\r2r-company-home\Desktop\NashCRM\lib\site-packages\django\middleware\cache.py", line 161, in process_request
    cache_key = get_cache_key(request, self.key_prefix, "GET", cache=self.cache)
  File "C:\Users\r2r-company-home\Desktop\NashCRM\lib\site-packages\django\utils\cache.py", line 392, in get_cache_key
    headerlist = cache.get(cache_key)
  File "C:\Users\r2r-company-home\Desktop\NashCRM\lib\site-packages\django\core\cache\backends\db.py", line 53, in get
    return self.get_many([key], version).get(key, default)
  File "C:\Users\r2r-company-home\Desktop\NashCRM\lib\site-packages\django\core\cache\backends\db.py", line 69, in get_many
    cursor.execute(
  File "C:\Users\r2r-company-home\Desktop\NashCRM\lib\site-packages\django\db\backends\utils.py", line 122, in execute
    return super().execute(sql, params)
  File "C:\Users\r2r-company-home\Desktop\NashCRM\lib\site-packages\django\db\backends\utils.py", line 79, in execute
    return self._execute_with_wrappers(
  File "C:\Users\r2r-company-home\Desktop\NashCRM\lib\site-packages\django\db\backends\utils.py", line 92, in _execute_with_wrappers
    return executor(sql, params, many, context)
  File "C:\Users\r2r-company-home\Desktop\NashCRM\lib\site-packages\django\db\backends\utils.py", line 100, in _execute
    with self.db.wrap_database_errors:
  File "C:\Users\r2r-company-home\Desktop\NashCRM\lib\site-packages\django\db\utils.py", line 91, in __exit__
    raise dj_exc_value.with_traceback(traceback) from exc_value
  File "C:\Users\r2r-company-home\Desktop\NashCRM\lib\site-packages\django\db\backends\utils.py", line 105, in _execute
    return self.cursor.execute(sql, params)
  File "C:\Users\r2r-company-home\Desktop\NashCRM\lib\site-packages\django\db\backends\sqlite3\base.py", line 360, in execute
    return super().execute(query, params)
django.db.utils.OperationalError: no such table: cache_table
DEBUG 2025-06-23 16:05:17,281 utils 13652 17548 (0.000) SELECT "cache_key", "value", "expires" FROM "cache_table" WHERE "cache_key" IN (':1:views.decorators.cache.cache_header.nashcrm.5e1a4d3be28186fd22dc4ff3209e2602.uk.Europe/Kyiv'); args=[':1:views.decorators.cache.cache_header.nashcrm.5e1a4d3be28186fd22dc4ff3209e2602.uk.Europe/Kyiv']; alias=default
ERROR 2025-06-23 16:05:17,319 log 13652 17548 Internal Server Error: /favicon.ico
Traceback (most recent call last):
  File "C:\Users\r2r-company-home\Desktop\NashCRM\lib\site-packages\django\db\backends\utils.py", line 105, in _execute
    return self.cursor.execute(sql, params)
  File "C:\Users\r2r-company-home\Desktop\NashCRM\lib\site-packages\django\db\backends\sqlite3\base.py", line 360, in execute
    return super().execute(query, params)
sqlite3.OperationalError: no such table: cache_table

The above exception was the direct cause of the following exception:

Traceback (most recent call last):
  File "C:\Users\r2r-company-home\Desktop\NashCRM\lib\site-packages\django\core\handlers\exception.py", line 55, in inner
    response = get_response(request)
  File "C:\Users\r2r-company-home\Desktop\NashCRM\lib\site-packages\django\utils\deprecation.py", line 119, in __call__
    response = self.process_request(request)
  File "C:\Users\r2r-company-home\Desktop\NashCRM\lib\site-packages\django\middleware\cache.py", line 161, in process_request
    cache_key = get_cache_key(request, self.key_prefix, "GET", cache=self.cache)
  File "C:\Users\r2r-company-home\Desktop\NashCRM\lib\site-packages\django\utils\cache.py", line 392, in get_cache_key
    headerlist = cache.get(cache_key)
  File "C:\Users\r2r-company-home\Desktop\NashCRM\lib\site-packages\django\core\cache\backends\db.py", line 53, in get
    return self.get_many([key], version).get(key, default)
  File "C:\Users\r2r-company-home\Desktop\NashCRM\lib\site-packages\django\core\cache\backends\db.py", line 69, in get_many
    cursor.execute(
  File "C:\Users\r2r-company-home\Desktop\NashCRM\lib\site-packages\django\db\backends\utils.py", line 122, in execute
    return super().execute(sql, params)
  File "C:\Users\r2r-company-home\Desktop\NashCRM\lib\site-packages\django\db\backends\utils.py", line 79, in execute
    return self._execute_with_wrappers(
  File "C:\Users\r2r-company-home\Desktop\NashCRM\lib\site-packages\django\db\backends\utils.py", line 92, in _execute_with_wrappers
    return executor(sql, params, many, context)
  File "C:\Users\r2r-company-home\Desktop\NashCRM\lib\site-packages\django\db\backends\utils.py", line 100, in _execute
    with self.db.wrap_database_errors:
  File "C:\Users\r2r-company-home\Desktop\NashCRM\lib\site-packages\django\db\utils.py", line 91, in __exit__
    raise dj_exc_value.with_traceback(traceback) from exc_value
  File "C:\Users\r2r-company-home\Desktop\NashCRM\lib\site-packages\django\db\backends\utils.py", line 105, in _execute
    return self.cursor.execute(sql, params)
  File "C:\Users\r2r-company-home\Desktop\NashCRM\lib\site-packages\django\db\backends\sqlite3\base.py", line 360, in execute
    return super().execute(query, params)
django.db.utils.OperationalError: no such table: cache_table
DEBUG 2025-06-23 16:05:20,028 utils 13652 17548 (0.000) SELECT "cache_key", "value", "expires" FROM "cache_table" WHERE "cache_key" IN (':1:views.decorators.cache.cache_header.nashcrm.8d02923f1edcb503e9a52385df39e4a2.uk.Europe/Kyiv'); args=[':1:views.decorators.cache.cache_header.nashcrm.8d02923f1edcb503e9a52385df39e4a2.uk.Europe/Kyiv']; alias=default
ERROR 2025-06-23 16:05:20,089 log 13652 17548 Internal Server Error: /admin
Traceback (most recent call last):
  File "C:\Users\r2r-company-home\Desktop\NashCRM\lib\site-packages\django\db\backends\utils.py", line 105, in _execute
    return self.cursor.execute(sql, params)
  File "C:\Users\r2r-company-home\Desktop\NashCRM\lib\site-packages\django\db\backends\sqlite3\base.py", line 360, in execute
    return super().execute(query, params)
sqlite3.OperationalError: no such table: cache_table

The above exception was the direct cause of the following exception:

Traceback (most recent call last):
  File "C:\Users\r2r-company-home\Desktop\NashCRM\lib\site-packages\django\core\handlers\exception.py", line 55, in inner
    response = get_response(request)
  File "C:\Users\r2r-company-home\Desktop\NashCRM\lib\site-packages\django\utils\deprecation.py", line 119, in __call__
    response = self.process_request(request)
  File "C:\Users\r2r-company-home\Desktop\NashCRM\lib\site-packages\django\middleware\cache.py", line 161, in process_request
    cache_key = get_cache_key(request, self.key_prefix, "GET", cache=self.cache)
  File "C:\Users\r2r-company-home\Desktop\NashCRM\lib\site-packages\django\utils\cache.py", line 392, in get_cache_key
    headerlist = cache.get(cache_key)
  File "C:\Users\r2r-company-home\Desktop\NashCRM\lib\site-packages\django\core\cache\backends\db.py", line 53, in get
    return self.get_many([key], version).get(key, default)
  File "C:\Users\r2r-company-home\Desktop\NashCRM\lib\site-packages\django\core\cache\backends\db.py", line 69, in get_many
    cursor.execute(
  File "C:\Users\r2r-company-home\Desktop\NashCRM\lib\site-packages\django\db\backends\utils.py", line 122, in execute
    return super().execute(sql, params)
  File "C:\Users\r2r-company-home\Desktop\NashCRM\lib\site-packages\django\db\backends\utils.py", line 79, in execute
    return self._execute_with_wrappers(
  File "C:\Users\r2r-company-home\Desktop\NashCRM\lib\site-packages\django\db\backends\utils.py", line 92, in _execute_with_wrappers
    return executor(sql, params, many, context)
  File "C:\Users\r2r-company-home\Desktop\NashCRM\lib\site-packages\django\db\backends\utils.py", line 100, in _execute
    with self.db.wrap_database_errors:
  File "C:\Users\r2r-company-home\Desktop\NashCRM\lib\site-packages\django\db\utils.py", line 91, in __exit__
    raise dj_exc_value.with_traceback(traceback) from exc_value
  File "C:\Users\r2r-company-home\Desktop\NashCRM\lib\site-packages\django\db\backends\utils.py", line 105, in _execute
    return self.cursor.execute(sql, params)
  File "C:\Users\r2r-company-home\Desktop\NashCRM\lib\site-packages\django\db\backends\sqlite3\base.py", line 360, in execute
    return super().execute(query, params)
django.db.utils.OperationalError: no such table: cache_table
DEBUG 2025-06-23 16:05:20,415 utils 13652 17548 (0.000) SELECT "cache_key", "value", "expires" FROM "cache_table" WHERE "cache_key" IN (':1:views.decorators.cache.cache_header.nashcrm.5e1a4d3be28186fd22dc4ff3209e2602.uk.Europe/Kyiv'); args=[':1:views.decorators.cache.cache_header.nashcrm.5e1a4d3be28186fd22dc4ff3209e2602.uk.Europe/Kyiv']; alias=default
ERROR 2025-06-23 16:05:20,454 log 13652 17548 Internal Server Error: /favicon.ico
Traceback (most recent call last):
  File "C:\Users\r2r-company-home\Desktop\NashCRM\lib\site-packages\django\db\backends\utils.py", line 105, in _execute
    return self.cursor.execute(sql, params)
  File "C:\Users\r2r-company-home\Desktop\NashCRM\lib\site-packages\django\db\backends\sqlite3\base.py", line 360, in execute
    return super().execute(query, params)
sqlite3.OperationalError: no such table: cache_table

The above exception was the direct cause of the following exception:

Traceback (most recent call last):
  File "C:\Users\r2r-company-home\Desktop\NashCRM\lib\site-packages\django\core\handlers\exception.py", line 55, in inner
    response = get_response(request)
  File "C:\Users\r2r-company-home\Desktop\NashCRM\lib\site-packages\django\utils\deprecation.py", line 119, in __call__
    response = self.process_request(request)
  File "C:\Users\r2r-company-home\Desktop\NashCRM\lib\site-packages\django\middleware\cache.py", line 161, in process_request
    cache_key = get_cache_key(request, self.key_prefix, "GET", cache=self.cache)
  File "C:\Users\r2r-company-home\Desktop\NashCRM\lib\site-packages\django\utils\cache.py", line 392, in get_cache_key
    headerlist = cache.get(cache_key)
  File "C:\Users\r2r-company-home\Desktop\NashCRM\lib\site-packages\django\core\cache\backends\db.py", line 53, in get
    return self.get_many([key], version).get(key, default)
  File "C:\Users\r2r-company-home\Desktop\NashCRM\lib\site-packages\django\core\cache\backends\db.py", line 69, in get_many
    cursor.execute(
  File "C:\Users\r2r-company-home\Desktop\NashCRM\lib\site-packages\django\db\backends\utils.py", line 122, in execute
    return super().execute(sql, params)
  File "C:\Users\r2r-company-home\Desktop\NashCRM\lib\site-packages\django\db\backends\utils.py", line 79, in execute
    return self._execute_with_wrappers(
  File "C:\Users\r2r-company-home\Desktop\NashCRM\lib\site-packages\django\db\backends\utils.py", line 92, in _execute_with_wrappers
    return executor(sql, params, many, context)
  File "C:\Users\r2r-company-home\Desktop\NashCRM\lib\site-packages\django\db\backends\utils.py", line 100, in _execute
    with self.db.wrap_database_errors:
  File "C:\Users\r2r-company-home\Desktop\NashCRM\lib\site-packages\django\db\utils.py", line 91, in __exit__
    raise dj_exc_value.with_traceback(traceback) from exc_value
  File "C:\Users\r2r-company-home\Desktop\NashCRM\lib\site-packages\django\db\backends\utils.py", line 105, in _execute
    return self.cursor.execute(sql, params)
  File "C:\Users\r2r-company-home\Desktop\NashCRM\lib\site-packages\django\db\backends\sqlite3\base.py", line 360, in execute
    return super().execute(query, params)
django.db.utils.OperationalError: no such table: cache_table
DEBUG 2025-06-23 16:05:31,528 utils 13652 17548 (0.000) SELECT "cache_key", "value", "expires" FROM "cache_table" WHERE "cache_key" IN (':1:views.decorators.cache.cache_header.nashcrm.8d02923f1edcb503e9a52385df39e4a2.uk.Europe/Kyiv'); args=[':1:views.decorators.cache.cache_header.nashcrm.8d02923f1edcb503e9a52385df39e4a2.uk.Europe/Kyiv']; alias=default
ERROR 2025-06-23 16:05:31,565 log 13652 17548 Internal Server Error: /admin
Traceback (most recent call last):
  File "C:\Users\r2r-company-home\Desktop\NashCRM\lib\site-packages\django\db\backends\utils.py", line 105, in _execute
    return self.cursor.execute(sql, params)
  File "C:\Users\r2r-company-home\Desktop\NashCRM\lib\site-packages\django\db\backends\sqlite3\base.py", line 360, in execute
    return super().execute(query, params)
sqlite3.OperationalError: no such table: cache_table

The above exception was the direct cause of the following exception:

Traceback (most recent call last):
  File "C:\Users\r2r-company-home\Desktop\NashCRM\lib\site-packages\django\core\handlers\exception.py", line 55, in inner
    response = get_response(request)
  File "C:\Users\r2r-company-home\Desktop\NashCRM\lib\site-packages\django\utils\deprecation.py", line 119, in __call__
    response = self.process_request(request)
  File "C:\Users\r2r-company-home\Desktop\NashCRM\lib\site-packages\django\middleware\cache.py", line 161, in process_request
    cache_key = get_cache_key(request, self.key_prefix, "GET", cache=self.cache)
  File "C:\Users\r2r-company-home\Desktop\NashCRM\lib\site-packages\django\utils\cache.py", line 392, in get_cache_key
    headerlist = cache.get(cache_key)
  File "C:\Users\r2r-company-home\Desktop\NashCRM\lib\site-packages\django\core\cache\backends\db.py", line 53, in get
    return self.get_many([key], version).get(key, default)
  File "C:\Users\r2r-company-home\Desktop\NashCRM\lib\site-packages\django\core\cache\backends\db.py", line 69, in get_many
    cursor.execute(
  File "C:\Users\r2r-company-home\Desktop\NashCRM\lib\site-packages\django\db\backends\utils.py", line 122, in execute
    return super().execute(sql, params)
  File "C:\Users\r2r-company-home\Desktop\NashCRM\lib\site-packages\django\db\backends\utils.py", line 79, in execute
    return self._execute_with_wrappers(
  File "C:\Users\r2r-company-home\Desktop\NashCRM\lib\site-packages\django\db\backends\utils.py", line 92, in _execute_with_wrappers
    return executor(sql, params, many, context)
  File "C:\Users\r2r-company-home\Desktop\NashCRM\lib\site-packages\django\db\backends\utils.py", line 100, in _execute
    with self.db.wrap_database_errors:
  File "C:\Users\r2r-company-home\Desktop\NashCRM\lib\site-packages\django\db\utils.py", line 91, in __exit__
    raise dj_exc_value.with_traceback(traceback) from exc_value
  File "C:\Users\r2r-company-home\Desktop\NashCRM\lib\site-packages\django\db\backends\utils.py", line 105, in _execute
    return self.cursor.execute(sql, params)
  File "C:\Users\r2r-company-home\Desktop\NashCRM\lib\site-packages\django\db\backends\sqlite3\base.py", line 360, in execute
    return super().execute(query, params)
django.db.utils.OperationalError: no such table: cache_table
DEBUG 2025-06-23 16:05:31,876 utils 13652 17548 (0.000) SELECT "cache_key", "value", "expires" FROM "cache_table" WHERE "cache_key" IN (':1:views.decorators.cache.cache_header.nashcrm.5e1a4d3be28186fd22dc4ff3209e2602.uk.Europe/Kyiv'); args=[':1:views.decorators.cache.cache_header.nashcrm.5e1a4d3be28186fd22dc4ff3209e2602.uk.Europe/Kyiv']; alias=default
ERROR 2025-06-23 16:05:31,913 log 13652 17548 Internal Server Error: /favicon.ico
Traceback (most recent call last):
  File "C:\Users\r2r-company-home\Desktop\NashCRM\lib\site-packages\django\db\backends\utils.py", line 105, in _execute
    return self.cursor.execute(sql, params)
  File "C:\Users\r2r-company-home\Desktop\NashCRM\lib\site-packages\django\db\backends\sqlite3\base.py", line 360, in execute
    return super().execute(query, params)
sqlite3.OperationalError: no such table: cache_table

The above exception was the direct cause of the following exception:

Traceback (most recent call last):
  File "C:\Users\r2r-company-home\Desktop\NashCRM\lib\site-packages\django\core\handlers\exception.py", line 55, in inner
    response = get_response(request)
  File "C:\Users\r2r-company-home\Desktop\NashCRM\lib\site-packages\django\utils\deprecation.py", line 119, in __call__
    response = self.process_request(request)
  File "C:\Users\r2r-company-home\Desktop\NashCRM\lib\site-packages\django\middleware\cache.py", line 161, in process_request
    cache_key = get_cache_key(request, self.key_prefix, "GET", cache=self.cache)
  File "C:\Users\r2r-company-home\Desktop\NashCRM\lib\site-packages\django\utils\cache.py", line 392, in get_cache_key
    headerlist = cache.get(cache_key)
  File "C:\Users\r2r-company-home\Desktop\NashCRM\lib\site-packages\django\core\cache\backends\db.py", line 53, in get
    return self.get_many([key], version).get(key, default)
  File "C:\Users\r2r-company-home\Desktop\NashCRM\lib\site-packages\django\core\cache\backends\db.py", line 69, in get_many
    cursor.execute(
  File "C:\Users\r2r-company-home\Desktop\NashCRM\lib\site-packages\django\db\backends\utils.py", line 122, in execute
    return super().execute(sql, params)
  File "C:\Users\r2r-company-home\Desktop\NashCRM\lib\site-packages\django\db\backends\utils.py", line 79, in execute
    return self._execute_with_wrappers(
  File "C:\Users\r2r-company-home\Desktop\NashCRM\lib\site-packages\django\db\backends\utils.py", line 92, in _execute_with_wrappers
    return executor(sql, params, many, context)
  File "C:\Users\r2r-company-home\Desktop\NashCRM\lib\site-packages\django\db\backends\utils.py", line 100, in _execute
    with self.db.wrap_database_errors:
  File "C:\Users\r2r-company-home\Desktop\NashCRM\lib\site-packages\django\db\utils.py", line 91, in __exit__
    raise dj_exc_value.with_traceback(traceback) from exc_value
  File "C:\Users\r2r-company-home\Desktop\NashCRM\lib\site-packages\django\db\backends\utils.py", line 105, in _execute
    return self.cursor.execute(sql, params)
  File "C:\Users\r2r-company-home\Desktop\NashCRM\lib\site-packages\django\db\backends\sqlite3\base.py", line 360, in execute
    return super().execute(query, params)
django.db.utils.OperationalError: no such table: cache_table
DEBUG 2025-06-23 16:06:15,088 utils 4748 2988 (0.000) 
            SELECT name, type FROM sqlite_master
            WHERE type in ('table', 'view') AND NOT name='sqlite_sequence'
            ORDER BY name; args=None; alias=default
DEBUG 2025-06-23 16:06:15,093 utils 4748 2988 (0.000) 
            SELECT name, type FROM sqlite_master
            WHERE type in ('table', 'view') AND NOT name='sqlite_sequence'
            ORDER BY name; args=None; alias=default
DEBUG 2025-06-23 16:06:15,093 utils 4748 2988 (0.000) BEGIN; args=None; alias=default
DEBUG 2025-06-23 16:06:15,093 utils 4748 2988 (0.000) CREATE TABLE "cache_table" (
    "cache_key" varchar(255) NOT NULL PRIMARY KEY,
    "value" text NOT NULL,
    "expires" datetime NOT NULL
);; args=None; alias=default
DEBUG 2025-06-23 16:06:15,094 utils 4748 2988 (0.000) CREATE INDEX "cache_table_expires" ON "cache_table" ("expires");; args=None; alias=default
DEBUG 2025-06-23 16:06:15,098 utils 4748 2988 (0.000) COMMIT; args=None; alias=default
DEBUG 2025-06-23 16:07:11,186 utils 20032 16612 (0.000) 
            SELECT name, type FROM sqlite_master
            WHERE type in ('table', 'view') AND NOT name='sqlite_sequence'
            ORDER BY name; args=None; alias=default
DEBUG 2025-06-23 16:07:11,711 utils 11268 17160 (0.000) SELECT "backend_emailintegrationsettings"."id", "backend_emailintegrationsettings"."name", "backend_emailintegrationsettings"."email", "backend_emailintegrationsettings"."app_password", "backend_emailintegrationsettings"."imap_host", "backend_emailintegrationsettings"."folder", "backend_emailintegrationsettings"."allowed_sender", "backend_emailintegrationsettings"."allowed_subject_keyword", "backend_emailintegrationsettings"."check_interval" FROM "backend_emailintegrationsettings" WHERE "backend_emailintegrationsettings"."name" = 'default' LIMIT 21; args=('default',); alias=default
DEBUG 2025-06-23 16:07:11,853 utils 11268 18476 (0.000) 
            SELECT name, type FROM sqlite_master
            WHERE type in ('table', 'view') AND NOT name='sqlite_sequence'
            ORDER BY name; args=None; alias=default
DEBUG 2025-06-23 16:07:11,981 utils 11268 7996 (0.000) 
            SELECT name, type FROM sqlite_master
            WHERE type in ('table', 'view') AND NOT name='sqlite_sequence'
            ORDER BY name; args=None; alias=default
DEBUG 2025-06-23 16:07:11,983 utils 11268 7996 (0.000) SELECT "django_migrations"."id", "django_migrations"."app", "django_migrations"."name", "django_migrations"."applied" FROM "django_migrations"; args=(); alias=default
DEBUG 2025-06-23 16:07:14,420 utils 11268 6524 (0.000) SELECT "cache_key", "value", "expires" FROM "cache_table" WHERE "cache_key" IN (':1:views.decorators.cache.cache_header.nashcrm.8d02923f1edcb503e9a52385df39e4a2.uk.Europe/Kyiv'); args=[':1:views.decorators.cache.cache_header.nashcrm.8d02923f1edcb503e9a52385df39e4a2.uk.Europe/Kyiv']; alias=default
DEBUG 2025-06-23 16:07:14,431 utils 11268 2020 (0.000) SELECT "cache_key", "value", "expires" FROM "cache_table" WHERE "cache_key" IN (':1:views.decorators.cache.cache_header.nashcrm.d0ef65bf3c890741e1b66c9fc2c00ed0.uk.Europe/Kyiv'); args=[':1:views.decorators.cache.cache_header.nashcrm.d0ef65bf3c890741e1b66c9fc2c00ed0.uk.Europe/Kyiv']; alias=default
DEBUG 2025-06-23 16:07:14,459 utils 11268 2020 (0.000) SELECT "cache_key", "value", "expires" FROM "cache_table" WHERE "cache_key" IN (':1:views.decorators.cache.cache_header.nashcrm.8b8e8248b6c446575b35a4c23dd243b1.uk.Europe/Kyiv'); args=[':1:views.decorators.cache.cache_header.nashcrm.8b8e8248b6c446575b35a4c23dd243b1.uk.Europe/Kyiv']; alias=default
DEBUG 2025-06-23 16:07:16,827 utils 11268 13328 (0.000) SELECT "auth_user"."id", "auth_user"."password", "auth_user"."last_login", "auth_user"."is_superuser", "auth_user"."username", "auth_user"."first_name", "auth_user"."last_name", "auth_user"."email", "auth_user"."is_staff", "auth_user"."is_active", "auth_user"."date_joined" FROM "auth_user" WHERE "auth_user"."username" = 'admin' LIMIT 21; args=('admin',); alias=default
DEBUG 2025-06-23 16:07:17,259 utils 11268 13328 (0.000) SELECT "cache_key" FROM "cache_table" WHERE "cache_key" = ':1:django.contrib.sessions.cache45qyxkwhuj76p70bqsw59ivkhb8anapz' and "expires" > '2025-06-23 13:07:17'; args=[':1:django.contrib.sessions.cache45qyxkwhuj76p70bqsw59ivkhb8anapz', '2025-06-23 13:07:17']; alias=default
DEBUG 2025-06-23 16:07:17,260 utils 11268 13328 (0.000) SELECT COUNT(*) FROM "cache_table"; args=None; alias=default
DEBUG 2025-06-23 16:07:17,260 utils 11268 13328 (0.000) BEGIN; args=None; alias=default
DEBUG 2025-06-23 16:07:17,260 utils 11268 13328 (0.000) SELECT "cache_key", "expires" FROM "cache_table" WHERE "cache_key" = ':1:django.contrib.sessions.cache45qyxkwhuj76p70bqsw59ivkhb8anapz'; args=[':1:django.contrib.sessions.cache45qyxkwhuj76p70bqsw59ivkhb8anapz']; alias=default
DEBUG 2025-06-23 16:07:17,261 utils 11268 13328 (0.000) INSERT INTO "cache_table" ("cache_key", "value", "expires") VALUES (':1:django.contrib.sessions.cache45qyxkwhuj76p70bqsw59ivkhb8anapz', 'gAV9lC4=', '2025-06-24 13:07:17'); args=[':1:django.contrib.sessions.cache45qyxkwhuj76p70bqsw59ivkhb8anapz', 'gAV9lC4=', '2025-06-24 13:07:17']; alias=default
DEBUG 2025-06-23 16:07:17,264 utils 11268 13328 (0.000) COMMIT; args=None; alias=default
DEBUG 2025-06-23 16:07:17,265 utils 11268 13328 (0.000) UPDATE "auth_user" SET "last_login" = '2025-06-23 13:07:17.264819' WHERE "auth_user"."id" = 1; args=('2025-06-23 13:07:17.264819', 1); alias=default
DEBUG 2025-06-23 16:07:17,266 utils 11268 13328 (0.000) SELECT "cache_key", "value", "expires" FROM "cache_table" WHERE "cache_key" IN (':1:django.contrib.sessions.cache45qyxkwhuj76p70bqsw59ivkhb8anapz'); args=[':1:django.contrib.sessions.cache45qyxkwhuj76p70bqsw59ivkhb8anapz']; alias=default
DEBUG 2025-06-23 16:07:17,266 utils 11268 13328 (0.000) SELECT COUNT(*) FROM "cache_table"; args=None; alias=default
DEBUG 2025-06-23 16:07:17,266 utils 11268 13328 (0.000) BEGIN; args=None; alias=default
DEBUG 2025-06-23 16:07:17,267 utils 11268 13328 (0.000) SELECT "cache_key", "expires" FROM "cache_table" WHERE "cache_key" = ':1:django.contrib.sessions.cache45qyxkwhuj76p70bqsw59ivkhb8anapz'; args=[':1:django.contrib.sessions.cache45qyxkwhuj76p70bqsw59ivkhb8anapz']; alias=default
DEBUG 2025-06-23 16:07:17,267 utils 11268 13328 (0.000) UPDATE "cache_table" SET "value" = 'gAWVrwAAAAAAAAB9lCiMDV9hdXRoX3VzZXJfaWSUjAExlIwSX2F1dGhfdXNlcl9iYWNrZW5klIwpZGphbmdvLmNvbnRyaWIuYXV0aC5iYWNrZW5kcy5Nb2RlbEJhY2tlbmSUjA9fYXV0aF91c2VyX2hhc2iUjEBlMjFlYzlkN2FlZWJjY2ZmNDgzMzAxNTBmOWNkZGRjOWQ3YmViNzM3MGI4YzBhMjhhNmY5NDAyMzJjNWFkZTI5lHUu', "expires" = '2025-06-24 13:07:17' WHERE "cache_key" = ':1:django.contrib.sessions.cache45qyxkwhuj76p70bqsw59ivkhb8anapz'; args=['gAWVrwAAAAAAAAB9lCiMDV9hdXRoX3VzZXJfaWSUjAExlIwSX2F1dGhfdXNlcl9iYWNrZW5klIwpZGphbmdvLmNvbnRyaWIuYXV0aC5iYWNrZW5kcy5Nb2RlbEJhY2tlbmSUjA9fYXV0aF91c2VyX2hhc2iUjEBlMjFlYzlkN2FlZWJjY2ZmNDgzMzAxNTBmOWNkZGRjOWQ3YmViNzM3MGI4YzBhMjhhNmY5NDAyMzJjNWFkZTI5lHUu', '2025-06-24 13:07:17', ':1:django.contrib.sessions.cache45qyxkwhuj76p70bqsw59ivkhb8anapz']; alias=default
DEBUG 2025-06-23 16:07:17,267 utils 11268 13328 (0.000) COMMIT; args=None; alias=default
DEBUG 2025-06-23 16:07:17,284 utils 11268 13328 (0.000) SELECT "cache_key", "value", "expires" FROM "cache_table" WHERE "cache_key" IN (':1:views.decorators.cache.cache_header.nashcrm.d0ef65bf3c890741e1b66c9fc2c00ed0.uk.Europe/Kyiv'); args=[':1:views.decorators.cache.cache_header.nashcrm.d0ef65bf3c890741e1b66c9fc2c00ed0.uk.Europe/Kyiv']; alias=default
DEBUG 2025-06-23 16:07:17,285 utils 11268 13328 (0.000) SELECT "cache_key", "value", "expires" FROM "cache_table" WHERE "cache_key" IN (':1:django.contrib.sessions.cache45qyxkwhuj76p70bqsw59ivkhb8anapz'); args=[':1:django.contrib.sessions.cache45qyxkwhuj76p70bqsw59ivkhb8anapz']; alias=default
DEBUG 2025-06-23 16:07:17,287 utils 11268 13328 (0.000) SELECT "auth_user"."id", "auth_user"."password", "auth_user"."last_login", "auth_user"."is_superuser", "auth_user"."username", "auth_user"."first_name", "auth_user"."last_name", "auth_user"."email", "auth_user"."is_staff", "auth_user"."is_active", "auth_user"."date_joined" FROM "auth_user" WHERE "auth_user"."id" = 1 LIMIT 21; args=(1,); alias=default
DEBUG 2025-06-23 16:07:17,327 utils 11268 13328 (0.000) SELECT "django_admin_log"."id", "django_admin_log"."action_time", "django_admin_log"."user_id", "django_admin_log"."content_type_id", "django_admin_log"."object_id", "django_admin_log"."object_repr", "django_admin_log"."action_flag", "django_admin_log"."change_message", "auth_user"."id", "auth_user"."password", "auth_user"."last_login", "auth_user"."is_superuser", "auth_user"."username", "auth_user"."first_name", "auth_user"."last_name", "auth_user"."email", "auth_user"."is_staff", "auth_user"."is_active", "auth_user"."date_joined", "django_content_type"."id", "django_content_type"."app_label", "django_content_type"."model" FROM "django_admin_log" INNER JOIN "auth_user" ON ("django_admin_log"."user_id" = "auth_user"."id") LEFT OUTER JOIN "django_content_type" ON ("django_admin_log"."content_type_id" = "django_content_type"."id") WHERE "django_admin_log"."user_id" = 1 ORDER BY "django_admin_log"."action_time" DESC LIMIT 10; args=(1,); alias=default
DEBUG 2025-06-23 16:08:58,192 utils 11268 2608 (0.000) SELECT "cache_key", "value", "expires" FROM "cache_table" WHERE "cache_key" IN (':1:views.decorators.cache.cache_header.nashcrm.91cbdc68949ff257b18b1f9f54e9205b.uk.Europe/Kyiv'); args=[':1:views.decorators.cache.cache_header.nashcrm.91cbdc68949ff257b18b1f9f54e9205b.uk.Europe/Kyiv']; alias=default
DEBUG 2025-06-23 16:08:58,231 utils 11268 2608 (0.000) SELECT "auth_user"."id", "auth_user"."password", "auth_user"."last_login", "auth_user"."is_superuser", "auth_user"."username", "auth_user"."first_name", "auth_user"."last_name", "auth_user"."email", "auth_user"."is_staff", "auth_user"."is_active", "auth_user"."date_joined" FROM "auth_user" WHERE "auth_user"."id" = 1 LIMIT 21; args=(1,); alias=default
DEBUG 2025-06-23 16:08:58,231 utils 11268 2608 (0.000) SELECT "cache_key", "value", "expires" FROM "cache_table" WHERE "cache_key" IN (':1:throttle_user_1'); args=[':1:throttle_user_1']; alias=default
DEBUG 2025-06-23 16:08:58,232 utils 11268 2608 (0.000) SELECT COUNT(*) FROM "cache_table"; args=None; alias=default
DEBUG 2025-06-23 16:08:58,232 utils 11268 2608 (0.000) BEGIN; args=None; alias=default
DEBUG 2025-06-23 16:08:58,233 utils 11268 2608 (0.000) SELECT "cache_key", "expires" FROM "cache_table" WHERE "cache_key" = ':1:throttle_user_1'; args=[':1:throttle_user_1']; alias=default
DEBUG 2025-06-23 16:08:58,233 utils 11268 2608 (0.000) INSERT INTO "cache_table" ("cache_key", "value", "expires") VALUES (':1:throttle_user_1', 'gAWVDQAAAAAAAABdlEdB2hZUeo7odmEu', '2025-06-23 14:08:58'); args=[':1:throttle_user_1', 'gAWVDQAAAAAAAABdlEdB2hZUeo7odmEu', '2025-06-23 14:08:58']; alias=default
DEBUG 2025-06-23 16:08:58,233 utils 11268 2608 (0.000) COMMIT; args=None; alias=default
DEBUG 2025-06-23 16:08:58,234 utils 11268 2608 (0.000) SELECT COUNT(*) AS "__count" FROM "backend_lead"; args=(); alias=default
DEBUG 2025-06-23 16:08:58,235 utils 11268 2608 (0.000) SELECT "backend_lead"."id", "backend_lead"."full_name", "backend_lead"."phone", "backend_lead"."email", "backend_lead"."source", "backend_lead"."description", "backend_lead"."price", "backend_lead"."delivery_number", "backend_lead"."status", "backend_lead"."assigned_to_id", "backend_lead"."queued_position", "backend_lead"."created_at", "backend_lead"."status_updated_at", "backend_lead"."actual_cash", "backend_lead"."full_address", "backend_lead"."country", "backend_lead"."city", "backend_lead"."postal_code", "backend_lead"."street", "auth_user"."id", "auth_user"."password", "auth_user"."last_login", "auth_user"."is_superuser", "auth_user"."username", "auth_user"."first_name", "auth_user"."last_name", "auth_user"."email", "auth_user"."is_staff", "auth_user"."is_active", "auth_user"."date_joined" FROM "backend_lead" LEFT OUTER JOIN "auth_user" ON ("backend_lead"."assigned_to_id" = "auth_user"."id") ORDER BY "backend_lead"."created_at" DESC LIMIT 5; args=(); alias=default
DEBUG 2025-06-23 16:08:58,237 utils 11268 2608 (0.000) SELECT "backend_leadpaymentoperation"."id", "backend_leadpaymentoperation"."lead_id", "backend_leadpaymentoperation"."operation_type", "backend_leadpaymentoperation"."amount", "backend_leadpaymentoperation"."created_at", "backend_leadpaymentoperation"."comment" FROM "backend_leadpaymentoperation" WHERE "backend_leadpaymentoperation"."lead_id" IN (124, 123, 122, 121, 120); args=(124, 123, 122, 121, 120); alias=default
DEBUG 2025-06-23 16:08:58,324 utils 11268 2608 (0.000) SELECT COUNT(*) FROM "cache_table"; args=None; alias=default
DEBUG 2025-06-23 16:08:58,325 utils 11268 2608 (0.000) BEGIN; args=None; alias=default
DEBUG 2025-06-23 16:08:58,325 utils 11268 2608 (0.000) SELECT "cache_key", "expires" FROM "cache_table" WHERE "cache_key" = ':1:views.decorators.cache.cache_header.nashcrm.91cbdc68949ff257b18b1f9f54e9205b.uk.Europe/Kyiv'; args=[':1:views.decorators.cache.cache_header.nashcrm.91cbdc68949ff257b18b1f9f54e9205b.uk.Europe/Kyiv']; alias=default
DEBUG 2025-06-23 16:08:58,325 utils 11268 2608 (0.000) INSERT INTO "cache_table" ("cache_key", "value", "expires") VALUES (':1:views.decorators.cache.cache_header.nashcrm.91cbdc68949ff257b18b1f9f54e9205b.uk.Europe/Kyiv', 'gAWVEgAAAAAAAABdlIwLSFRUUF9PUklHSU6UYS4=', '2025-06-23 13:13:58'); args=[':1:views.decorators.cache.cache_header.nashcrm.91cbdc68949ff257b18b1f9f54e9205b.uk.Europe/Kyiv', 'gAWVEgAAAAAAAABdlIwLSFRUUF9PUklHSU6UYS4=', '2025-06-23 13:13:58']; alias=default
DEBUG 2025-06-23 16:08:58,326 utils 11268 2608 (0.000) COMMIT; args=None; alias=default
DEBUG 2025-06-23 16:08:58,326 utils 11268 2608 (0.000) SELECT COUNT(*) FROM "cache_table"; args=None; alias=default
DEBUG 2025-06-23 16:08:58,327 utils 11268 2608 (0.000) BEGIN; args=None; alias=default
DEBUG 2025-06-23 16:08:58,328 utils 11268 2608 (0.016) SELECT "cache_key", "expires" FROM "cache_table" WHERE "cache_key" = ':1:views.decorators.cache.cache_page.nashcrm.GET.91cbdc68949ff257b18b1f9f54e9205b.d41d8cd98f00b204e9800998ecf8427e.uk.Europe/Kyiv'; args=[':1:views.decorators.cache.cache_page.nashcrm.GET.91cbdc68949ff257b18b1f9f54e9205b.d41d8cd98f00b204e9800998ecf8427e.uk.Europe/Kyiv']; alias=default
DEBUG 2025-06-23 16:08:58,328 utils 11268 2608 (0.000) INSERT INTO "cache_table" ("cache_key", "value", "expires") VALUES (':1:views.decorators.cache.cache_page.nashcrm.GET.91cbdc68949ff257b18b1f9f54e9205b.d41d8cd98f00b204e9800998ecf8427e.uk.Europe/Kyiv', 'gAWVmzgAAAAAAACMF3Jlc3RfZnJhbWV3b3JrLnJlc3BvbnNllIwIUmVzcG9uc2WUk5QpgZR9lCiMBXVzaW5nlE6MCF9yZXF1ZXN0lE6MB2hlYWRlcnOUjBRkamFuZ28uaHR0cC5yZXNwb25zZZSMD1Jlc3BvbnNlSGVhZGVyc5STlCmBlH2UjAZfc3RvcmWUfZQojAxjb250ZW50LXR5cGWUjAxDb250ZW50LVR5cGWUjBBhcHBsaWNhdGlvbi9qc29ulIaUjAVhbGxvd5SMBUFsbG93lIwYR0VULCBQT1NULCBIRUFELCBPUFRJT05TlIaUjA14LXF1ZXJ5LWNvdW50lIwNWC1RdWVyeS1Db3VudJSMAjExlIaUjA94LXJlc3BvbnNlLXRpbWWUjA9YLVJlc3BvbnNlLVRpbWWUjAYwLjA1MHOUhpSMD3gtZnJhbWUtb3B0aW9uc5SMD1gtRnJhbWUtT3B0aW9uc5SMBERFTlmUhpSMDmNvbnRlbnQtbGVuZ3RolIwOQ29udGVudC1MZW5ndGiUjAQ3MzU3lIaUjBZ4LWNvbnRlbnQtdHlwZS1vcHRpb25zlIwWWC1Db250ZW50LVR5cGUtT3B0aW9uc5SMB25vc25pZmaUhpSMD3JlZmVycmVyLXBvbGljeZSMD1JlZmVycmVyLVBvbGljeZSMC3NhbWUtb3JpZ2lulIaUjBpjcm9zcy1vcmlnaW4tb3BlbmVyLXBvbGljeZSMGkNyb3NzLU9yaWdpbi1PcGVuZXItUG9saWN5lGgthpSMBHZhcnmUjARWYXJ5lIwGb3JpZ2lulIaUjAdleHBpcmVzlIwHRXhwaXJlc5SMHU1vbiwgMjMgSnVuIDIwMjUgMTM6MTM6NTggR01UlIaUjA1jYWNoZS1jb250cm9slIwNQ2FjaGUtQ29udHJvbJSMC21heC1hZ2U9MzAwlIaUdXNijAhfY2hhcnNldJROjBFfcmVzb3VyY2VfY2xvc2Vyc5RdlIwOX2hhbmRsZXJfY2xhc3OUTowHY29va2llc5SMDGh0dHAuY29va2llc5SMDFNpbXBsZUNvb2tpZZSTlCmBlIwGY2xvc2VklImMDl9yZWFzb25fcGhyYXNllE6MCl9jb250YWluZXKUXZRCvRwAAHsiY291bnQiOjUsIm5leHQiOm51bGwsInByZXZpb3VzIjpudWxsLCJyZXN1bHRzIjpbeyJpZCI6MTI0LCJmdWxsX25hbWUiOiLQktGP0YfQtdGB0LvQsNCyIiwicGhvbmUiOiI0MjA2MDY5ODEyNjQiLCJlbWFpbCI6IiIsInNvdXJjZSI6ImVtYWlsIiwiZGVzY3JpcHRpb24iOiJMZWFkIElEOiA3NTE2NDEyNTMxOTA1MzgwNjMwXHJcbkZvcm0gSUQ6IDc1MDQ2MzMxNDk3MTcwODY0NzJcclxuQ3JlYXRlIFRpbWU6IDIwMjUtMDYtMTYgMDU6MjY6MzMoVVRDKzAwOjAwKVxyXG5Gb3JtIE5hbWU6INCb0ZbQtNC4INCE0LLRgNC+0L/QsFxyXG5DYW1wYWlnbjogTGVhZCBnZW5lcmF0aW9uMjAyNTA2MTMxMzQyMTEgKElEOiAxODM0ODEwMTY5NTk0ODgyKVxyXG5BZCBHcm91cDogQWQgZ3JvdXAgMjAyNTA2MTMwMTQyMjMgKElEOiAxODM0ODEwMTgxMjg3OTUzKVxyXG5BZDogXzAwMSAoSUQ6IDE4MzQ4MTE0OTIwMzM2ODIpXHJcbk9yaWdpbmFsIFBob25lOiArNDIwIDYwNiA5ODEgMjY0XHJcbi0tLSDQn9C+0LLQvdC40Lkg0YLQtdC60YHRgiDQu9C40YHRgtCwIC0tLVxyXG4tLS0tLS0tLS0tIEZvcndhcmRlZCBtZXNzYWdlIC0tLS0tLS0tLVxyXG7QktGW0LQ6IExlYWRzQnJpZGdlIFN1cHBvcnQgPHN1cHBvcnRAbGVhZHNicmlkZ2UuY29tPlxyXG5EYXRlOiDQv9C9LCAxNiDRh9C10YDQsi4gMjAyNeKAr9GALiDQviAwODoyN1xyXG5TdWJqZWN0OiDQm9CG0LTQuFxyXG5UbzogPHRlcm1vdmlrbmFAZ21haWwuY29tPlxyXG5cclxuXHJcbipmb3JtX2lkOiogNzUwNDYzMzE0OTcxNzA4NjQ3MlxyXG4qTGVhZCBJZDoqIDc1MTY0MTI1MzE5MDUzODA2MzBcclxuKkNyZWF0ZSBUaW1lOiogMjAyNS0wNi0xNiAwNToyNjozMyhVVEMrMDA6MDApXHJcbipBZCBJZDoqIDE4MzQ4MTE0OTIwMzM2ODJcclxuKkFkIE5hbWU6KiBfMDAxXHJcbipBZGdyb3VwIElkOiogMTgzNDgxMDE4MTI4Nzk1M1xyXG4qQWRncm91cCBOYW1lOiogQWQgZ3JvdXAgMjAyNTA2MTMwMTQyMjNcclxuKkNhbXBhaWduIElkOiogMTgzNDgxMDE2OTU5NDg4MlxyXG4qQ2FtcGFpZ24gTmFtZToqIExlYWQgZ2VuZXJhdGlvbjIwMjUwNjEzMTM0MjExXHJcbipGb3JtIE5hbWU6KiDQm9GW0LTQuCDQhNCy0YDQvtC/0LBcclxuKk5hbWU6KiDQktGP0YfQtdGB0LvQsNCyXHJcbipQaG9uZSBOdW1iZXI6KiArNDIwIDYwNiA5ODEgMjY0XHJcbipGb3JtIElEOiogNzUwNDYzMzE0OTcxNzA4NjQ3MiIsInByaWNlIjoxMDAwLjAsImRlbGl2ZXJ5X251bWJlciI6Ijc1MTY0MTI1MzE5MDUzODA2MzAiLCJzdGF0dXMiOiJjb21wbGV0ZWQiLCJxdWV1ZWRfcG9zaXRpb24iOm51bGwsImNyZWF0ZWRfYXQiOiIyMDI1LTA2LTE4VDEyOjQzOjMxLjU0ODA2NSswMzowMCIsInN0YXR1c191cGRhdGVkX2F0IjpudWxsLCJhY3R1YWxfY2FzaCI6OTAwLjAsImZ1bGxfYWRkcmVzcyI6bnVsbCwiY291bnRyeSI6bnVsbCwiY2l0eSI6bnVsbCwicG9zdGFsX2NvZGUiOm51bGwsInN0cmVldCI6bnVsbCwiYXNzaWduZWRfdG8iOm51bGx9LHsiaWQiOjEyMywiZnVsbF9uYW1lIjoiSmFuIMWgdG9qZGwiLCJwaG9uZSI6IjQyMDcyNDcxOTk5OCIsImVtYWlsIjoiIiwic291cmNlIjoiZW1haWwiLCJkZXNjcmlwdGlvbiI6IkxlYWQgSUQ6IDc1MTY0NjQwODgzMDY4NDM5MjZcclxuRm9ybSBJRDogNzUwNDYzMzE0OTcxNzA4NjQ3MlxyXG5DcmVhdGUgVGltZTogMjAyNS0wNi0xNiAwODo0MTo0NihVVEMrMDA6MDApXHJcbkZvcm0gTmFtZTog0JvRltC00Lgg0ITQstGA0L7Qv9CwXHJcbkNhbXBhaWduOiBMZWFkIGdlbmVyYXRpb24yMDI1MDYxMzEzNDIxMSAoSUQ6IDE4MzQ4MTAxNjk1OTQ4ODIpXHJcbkFkIEdyb3VwOiBBZCBncm91cCAyMDI1MDYxMzAxNDIyMyAoSUQ6IDE4MzQ4MTAxODEyODc5NTMpXHJcbkFkOiBfMDAxIChJRDogMTgzNDgxMTQ5MjAzMzY4MilcclxuT3JpZ2luYWwgUGhvbmU6ICs0MjAgNzI0IDcxOSA5OThcclxuLS0tINCf0L7QstC90LjQuSDRgtC10LrRgdGCINC70LjRgdGC0LAgLS0tXHJcbi0tLS0tLS0tLS0gRm9yd2FyZGVkIG1lc3NhZ2UgLS0tLS0tLS0tXHJcbtCS0ZbQtDogTGVhZHNCcmlkZ2UgU3VwcG9ydCA8c3VwcG9ydEBsZWFkc2JyaWRnZS5jb20+XHJcbkRhdGU6INC/0L0sIDE2INGH0LXRgNCyLiAyMDI14oCv0YAuINC+IDExOjQyXHJcblN1YmplY3Q6INCb0IbQtNC4XHJcblRvOiA8dGVybW92aWtuYUBnbWFpbC5jb20+XHJcblxyXG5cclxuKmZvcm1faWQ6KiA3NTA0NjMzMTQ5NzE3MDg2NDcyXHJcbipMZWFkIElkOiogNzUxNjQ2NDA4ODMwNjg0MzkyNlxyXG4qQ3JlYXRlIFRpbWU6KiAyMDI1LTA2LTE2IDA4OjQxOjQ2KFVUQyswMDowMClcclxuKkFkIElkOiogMTgzNDgxMTQ5MjAzMzY4MlxyXG4qQWQgTmFtZToqIF8wMDFcclxuKkFkZ3JvdXAgSWQ6KiAxODM0ODEwMTgxMjg3OTUzXHJcbipBZGdyb3VwIE5hbWU6KiBBZCBncm91cCAyMDI1MDYxMzAxNDIyM1xyXG4qQ2FtcGFpZ24gSWQ6KiAxODM0ODEwMTY5NTk0ODgyXHJcbipDYW1wYWlnbiBOYW1lOiogTGVhZCBnZW5lcmF0aW9uMjAyNTA2MTMxMzQyMTFcclxuKkZvcm0gTmFtZToqINCb0ZbQtNC4INCE0LLRgNC+0L/QsFxyXG4qTmFtZToqIEphbiDFoHRvamRsXHJcbipQaG9uZSBOdW1iZXI6KiArNDIwIDcyNCA3MTkgOTk4XHJcbipGb3JtIElEOiogNzUwNDYzMzE0OTcxNzA4NjQ3MiIsInByaWNlIjoxMDAwLjAsImRlbGl2ZXJ5X251bWJlciI6Ijc1MTY0NjQwODgzMDY4NDM5MjYiLCJzdGF0dXMiOiJwYWlkIiwicXVldWVkX3Bvc2l0aW9uIjpudWxsLCJjcmVhdGVkX2F0IjoiMjAyNS0wNi0xOFQxMjo0MzozMS4zMDg4NDgrMDM6MDAiLCJzdGF0dXNfdXBkYXRlZF9hdCI6bnVsbCwiYWN0dWFsX2Nhc2giOjkwMC4wLCJmdWxsX2FkZHJlc3MiOm51bGwsImNvdW50cnkiOm51bGwsImNpdHkiOm51bGwsInBvc3RhbF9jb2RlIjpudWxsLCJzdHJlZXQiOm51bGwsImFzc2lnbmVkX3RvIjpudWxsfSx7ImlkIjoxMjIsImZ1bGxfbmFtZSI6Iklob3IgTmFza2FsbnlpIiwicGhvbmUiOiI0MjA3MjEzMjQwMDEiLCJlbWFpbCI6IiIsInNvdXJjZSI6ImVtYWlsIiwiZGVzY3JpcHRpb24iOiJMZWFkIElEOiA3NTE2NDg0NDUyODAyMTUwNjc4XHJcbkZvcm0gSUQ6IDc1MDQ2MzMxNDk3MTcwODY0NzJcclxuQ3JlYXRlIFRpbWU6IDIwMjUtMDYtMTYgMTA6MDI6NDMoVVRDKzAwOjAwKVxyXG5Gb3JtIE5hbWU6INCb0ZbQtNC4INCE0LLRgNC+0L/QsFxyXG5DYW1wYWlnbjogTGVhZCBnZW5lcmF0aW9uMjAyNTA2MTMxMzQyMTEgKElEOiAxODM0ODEwMTY5NTk0ODgyKVxyXG5BZCBHcm91cDogQWQgZ3JvdXAgMjAyNTA2MTMwMTQyMjMgKElEOiAxODM0ODEwMTgxMjg3OTUzKVxyXG5BZDogXzAwMSAoSUQ6IDE4MzQ4MTE0OTIwMzM2NjYpXHJcbk9yaWdpbmFsIFBob25lOiArNDIwIDcyMSAzMjQgMDAxXHJcbi0tLSDQn9C+0LLQvdC40Lkg0YLQtdC60YHRgiDQu9C40YHRgtCwIC0tLVxyXG4tLS0tLS0tLS0tIEZvcndhcmRlZCBtZXNzYWdlIC0tLS0tLS0tLVxyXG7QktGW0LQ6IExlYWRzQnJpZGdlIFN1cHBvcnQgPHN1cHBvcnRAbGVhZHNicmlkZ2UuY29tPlxyXG5EYXRlOiDQv9C9LCAxNiDRh9C10YDQsi4gMjAyNeKAr9GALiDQviAxMzowMlxyXG5TdWJqZWN0OiDQm9CG0LTQuFxyXG5UbzogPHRlcm1vdmlrbmFAZ21haWwuY29tPlxyXG5cclxuXHJcbipmb3JtX2lkOiogNzUwNDYzMzE0OTcxNzA4NjQ3MlxyXG4qTGVhZCBJZDoqIDc1MTY0ODQ0NTI4MDIxNTA2NzhcclxuKkNyZWF0ZSBUaW1lOiogMjAyNS0wNi0xNiAxMDowMjo0MyhVVEMrMDA6MDApXHJcbipBZCBJZDoqIDE4MzQ4MTE0OTIwMzM2NjZcclxuKkFkIE5hbWU6KiBfMDAxXHJcbipBZGdyb3VwIElkOiogMTgzNDgxMDE4MTI4Nzk1M1xyXG4qQWRncm91cCBOYW1lOiogQWQgZ3JvdXAgMjAyNTA2MTMwMTQyMjNcclxuKkNhbXBhaWduIElkOiogMTgzNDgxMDE2OTU5NDg4MlxyXG4qQ2FtcGFpZ24gTmFtZToqIExlYWQgZ2VuZXJhdGlvbjIwMjUwNjEzMTM0MjExXHJcbipGb3JtIE5hbWU6KiDQm9GW0LTQuCDQhNCy0YDQvtC/0LBcclxuKk5hbWU6KiBJaG9yIE5hc2thbG55aVxyXG4qUGhvbmUgTnVtYmVyOiogKzQyMCA3MjEgMzI0IDAwMVxyXG4qRm9ybSBJRDoqIDc1MDQ2MzMxNDk3MTcwODY0NzIiLCJwcmljZSI6MTAwMC4wLCJkZWxpdmVyeV9udW1iZXIiOiI3NTE2NDg0NDUyODAyMTUwNjc4Iiwic3RhdHVzIjoicGFpZCIsInF1ZXVlZF9wb3NpdGlvbiI6bnVsbCwiY3JlYXRlZF9hdCI6IjIwMjUtMDYtMThUMTI6NDM6MzEuMDY5Njc1KzAzOjAwIiwic3RhdHVzX3VwZGF0ZWRfYXQiOm51bGwsImFjdHVhbF9jYXNoIjo5MDAuMCwiZnVsbF9hZGRyZXNzIjpudWxsLCJjb3VudHJ5IjpudWxsLCJjaXR5IjpudWxsLCJwb3N0YWxfY29kZSI6bnVsbCwic3RyZWV0IjpudWxsLCJhc3NpZ25lZF90byI6bnVsbH0seyJpZCI6MTIxLCJhc3NpZ25lZF90b191c2VybmFtZSI6InVzZXIxIiwiZnVsbF9uYW1lIjoiR2FicmllbGEgR2Fib3JvdmEiLCJwaG9uZSI6IjM4NDUyMDQxNDQxNiIsImVtYWlsIjoiIiwic291cmNlIjoiZW1haWwiLCJkZXNjcmlwdGlvbiI6IkxlYWQgSUQ6IDc1MTY3Nzg1Mjk0Njg1ODAxMThcclxuRm9ybSBJRDogNzUwNDYzMzE0OTcxNzA4NjQ3MlxyXG5DcmVhdGUgVGltZTogMjAyNS0wNi0xNyAwNTowNjowMyhVVEMrMDA6MDApXHJcbkZvcm0gTmFtZTog0JvRltC00Lgg0ITQstGA0L7Qv9CwXHJcbkNhbXBhaWduOiBMZWFkIGdlbmVyYXRpb24yMDI1MDYxMzEzNDIxMSAoSUQ6IDE4MzQ4MTAxNjk1OTQ4ODIpXHJcbkFkIEdyb3VwOiBBZCBncm91cCAyMDI1MDYxMzAxNDIyMyAoSUQ6IDE4MzQ4MTAxODEyODc5NTMpXHJcbkFkOiBfMDAxIChJRDogMTgzNDgxMTQ5MjAzNDYyNilcclxuT3JpZ2luYWwgUGhvbmU6ICs0NTIwNDE0NDE2XHJcbi0tLSDQn9C+0LLQvdC40Lkg0YLQtdC60YHRgiDQu9C40YHRgtCwIC0tLVxyXG4tLS0tLS0tLS0tIEZvcndhcmRlZCBtZXNzYWdlIC0tLS0tLS0tLVxyXG7QktGW0LQ6IExlYWRzQnJpZGdlIFN1cHBvcnQgPHN1cHBvcnRAbGVhZHNicmlkZ2UuY29tPlxyXG5EYXRlOiDQstGCLCAxNyDRh9C10YDQsi4gMjAyNeKAr9GALiDQviAwODowNlxyXG5TdWJqZWN0OiDQm9CG0LTQuFxyXG5UbzogPHRlcm1vdmlrbmFAZ21haWwuY29tPlxyXG5cclxuXHJcbipmb3JtX2lkOiogNzUwNDYzMzE0OTcxNzA4NjQ3MlxyXG4qTGVhZCBJZDoqIDc1MTY3Nzg1Mjk0Njg1ODAxMThcclxuKkNyZWF0ZSBUaW1lOiogMjAyNS0wNi0xNyAwNTowNjowMyhVVEMrMDA6MDApXHJcbipBZCBJZDoqIDE4MzQ4MTE0OTIwMzQ2MjZcclxuKkFkIE5hbWU6KiBfMDAxXHJcbipBZGdyb3VwIElkOiogMTgzNDgxMDE4MTI4Nzk1M1xyXG4qQWRncm91cCBOYW1lOiogQWQgZ3JvdXAgMjAyNTA2MTMwMTQyMjNcclxuKkNhbXBhaWduIElkOiogMTgzNDgxMDE2OTU5NDg4MlxyXG4qQ2FtcGFpZ24gTmFtZToqIExlYWQgZ2VuZXJhdGlvbjIwMjUwNjEzMTM0MjExXHJcbipGb3JtIE5hbWU6KiDQm9GW0LTQuCDQhNCy0YDQvtC/0LBcclxuKk5hbWU6KiBHYWJyaWVsYSBHYWJvcm92YVxyXG4qUGhvbmUgTnVtYmVyOiogKzQ1MjA0MTQ0MTZcclxuKkZvcm0gSUQ6KiA3NTA0NjMzMTQ5NzE3MDg2NDcyIiwicHJpY2UiOjEwMDAuMCwiZGVsaXZlcnlfbnVtYmVyIjoiNzUxNjc3ODUyOTQ2ODU4MDExOCIsInN0YXR1cyI6ImNvbXBsZXRlZCIsInF1ZXVlZF9wb3NpdGlvbiI6bnVsbCwiY3JlYXRlZF9hdCI6IjIwMjUtMDYtMThUMTI6NDM6MzAuODM0NDYwKzAzOjAwIiwic3RhdHVzX3VwZGF0ZWRfYXQiOm51bGwsImFjdHVhbF9jYXNoIjpudWxsLCJmdWxsX2FkZHJlc3MiOm51bGwsImNvdW50cnkiOm51bGwsImNpdHkiOm51bGwsInBvc3RhbF9jb2RlIjpudWxsLCJzdHJlZXQiOm51bGwsImFzc2lnbmVkX3RvIjoyfSx7ImlkIjoxMjAsImFzc2lnbmVkX3RvX3VzZXJuYW1lIjoiYWRtaW4iLCJmdWxsX25hbWUiOiJUZXR5YW5hIFByb2tvcGVua28iLCJwaG9uZSI6IjM5MzY2NTQyNjU0NSIsImVtYWlsIjoiIiwic291cmNlIjoiZW1haWwiLCJkZXNjcmlwdGlvbiI6IkxlYWQgSUQ6IDc1MTY4NDY4MjM1Mzc5ODM3NjZcclxuRm9ybSBJRDogNzUwNDYzMzE0OTcxNzA4NjQ3MlxyXG5DcmVhdGUgVGltZTogMjAyNS0wNi0xNyAwOToyODo0MihVVEMrMDA6MDApXHJcbkZvcm0gTmFtZTog0JvRltC00Lgg0ITQstGA0L7Qv9CwXHJcbkNhbXBhaWduOiBMZWFkIGdlbmVyYXRpb24yMDI1MDYxMzEzNDIxMSAoSUQ6IDE4MzQ4MTAxNjk1OTQ4ODIpXHJcbkFkIEdyb3VwOiBBZCBncm91cCAyMDI1MDYxMzAxNDIyMyAoSUQ6IDE4MzQ4MTAxODEyODc5NTMpXHJcbkFkOiBfMDAxIChJRDogMTgzNDgxMTQ5MjAzMzY5OClcclxuT3JpZ2luYWwgUGhvbmU6ICszOSAzNjYgNTQyIDY1NDVcclxuLS0tINCf0L7QstC90LjQuSDRgtC10LrRgdGCINC70LjRgdGC0LAgLS0tXHJcbi0tLS0tLS0tLS0gRm9yd2FyZGVkIG1lc3NhZ2UgLS0tLS0tLS0tXHJcbtCS0ZbQtDogTGVhZHNCcmlkZ2UgU3VwcG9ydCA8c3VwcG9ydEBsZWFkc2JyaWRnZS5jb20+XHJcbkRhdGU6INCy0YIsIDE3INGH0LXRgNCyLiAyMDI14oCv0YAuINC+IDEyOjI5XHJcblN1YmplY3Q6INCb0IbQtNC4XHJcblRvOiA8dGVybW92aWtuYUBnbWFpbC5jb20+XHJcblxyXG5cclxuKmZvcm1faWQ6KiA3NTA0NjMzMTQ5NzE3MDg2NDcyXHJcbipMZWFkIElkOiogNzUxNjg0NjgyMzUzNzk4Mzc2NlxyXG4qQ3JlYXRlIFRpbWU6KiAyMDI1LTA2LTE3IDA5OjI4OjQyKFVUQyswMDowMClcclxuKkFkIElkOiogMTgzNDgxMTQ5MjAzMzY5OFxyXG4qQWQgTmFtZToqIF8wMDFcclxuKkFkZ3JvdXAgSWQ6KiAxODM0ODEwMTgxMjg3OTUzXHJcbipBZGdyb3VwIE5hbWU6KiBBZCBncm91cCAyMDI1MDYxMzAxNDIyM1xyXG4qQ2FtcGFpZ24gSWQ6KiAxODM0ODEwMTY5NTk0ODgyXHJcbipDYW1wYWlnbiBOYW1lOiogTGVhZCBnZW5lcmF0aW9uMjAyNTA2MTMxMzQyMTFcclxuKkZvcm0gTmFtZToqINCb0ZbQtNC4INCE0LLRgNC+0L/QsFxyXG4qTmFtZToqIFRldHlhbmEgUHJva29wZW5rb1xyXG4qUGhvbmUgTnVtYmVyOiogKzM5IDM2NiA1NDIgNjU0NVxyXG4qRm9ybSBJRDoqIDc1MDQ2MzMxNDk3MTcwODY0NzIiLCJwcmljZSI6MTAwMC4wLCJkZWxpdmVyeV9udW1iZXIiOiI3NTE2ODQ2ODIzNTM3OTgzNzY2Iiwic3RhdHVzIjoiY29tcGxldGVkIiwicXVldWVkX3Bvc2l0aW9uIjpudWxsLCJjcmVhdGVkX2F0IjoiMjAyNS0wNi0xOFQxMjo0MzozMC41OTUyNDMrMDM6MDAiLCJzdGF0dXNfdXBkYXRlZF9hdCI6bnVsbCwiYWN0dWFsX2Nhc2giOm51bGwsImZ1bGxfYWRkcmVzcyI6bnVsbCwiY291bnRyeSI6bnVsbCwiY2l0eSI6bnVsbCwicG9zdGFsX2NvZGUiOm51bGwsInN0cmVldCI6bnVsbCwiYXNzaWduZWRfdG8iOjF9XX2UYYwMX2lzX3JlbmRlcmVklIiMBGRhdGGUfZQojAVjb3VudJRLBYwEbmV4dJROjAhwcmV2aW91c5ROjAdyZXN1bHRzlIwIYnVpbHRpbnOUjARsaXN0lJOUXZQofZQojAJpZJRLfIwJZnVsbF9uYW1llIwQ0JLRj9GH0LXRgdC70LDQspSMBXBob25llIwMNDIwNjA2OTgxMjY0lIwFZW1haWyUjACUjAZzb3VyY2WUjAVlbWFpbJSMC2Rlc2NyaXB0aW9ulFjnAwAATGVhZCBJRDogNzUxNjQxMjUzMTkwNTM4MDYzMA0KRm9ybSBJRDogNzUwNDYzMzE0OTcxNzA4NjQ3Mg0KQ3JlYXRlIFRpbWU6IDIwMjUtMDYtMTYgMDU6MjY6MzMoVVRDKzAwOjAwKQ0KRm9ybSBOYW1lOiDQm9GW0LTQuCDQhNCy0YDQvtC/0LANCkNhbXBhaWduOiBMZWFkIGdlbmVyYXRpb24yMDI1MDYxMzEzNDIxMSAoSUQ6IDE4MzQ4MTAxNjk1OTQ4ODIpDQpBZCBHcm91cDogQWQgZ3JvdXAgMjAyNTA2MTMwMTQyMjMgKElEOiAxODM0ODEwMTgxMjg3OTUzKQ0KQWQ6IF8wMDEgKElEOiAxODM0ODExNDkyMDMzNjgyKQ0KT3JpZ2luYWwgUGhvbmU6ICs0MjAgNjA2IDk4MSAyNjQNCi0tLSDQn9C+0LLQvdC40Lkg0YLQtdC60YHRgiDQu9C40YHRgtCwIC0tLQ0KLS0tLS0tLS0tLSBGb3J3YXJkZWQgbWVzc2FnZSAtLS0tLS0tLS0NCtCS0ZbQtDogTGVhZHNCcmlkZ2UgU3VwcG9ydCA8c3VwcG9ydEBsZWFkc2JyaWRnZS5jb20+DQpEYXRlOiDQv9C9LCAxNiDRh9C10YDQsi4gMjAyNeKAr9GALiDQviAwODoyNw0KU3ViamVjdDog0JvQhtC00LgNClRvOiA8dGVybW92aWtuYUBnbWFpbC5jb20+DQoNCg0KKmZvcm1faWQ6KiA3NTA0NjMzMTQ5NzE3MDg2NDcyDQoqTGVhZCBJZDoqIDc1MTY0MTI1MzE5MDUzODA2MzANCipDcmVhdGUgVGltZToqIDIwMjUtMDYtMTYgMDU6MjY6MzMoVVRDKzAwOjAwKQ0KKkFkIElkOiogMTgzNDgxMTQ5MjAzMzY4Mg0KKkFkIE5hbWU6KiBfMDAxDQoqQWRncm91cCBJZDoqIDE4MzQ4MTAxODEyODc5NTMNCipBZGdyb3VwIE5hbWU6KiBBZCBncm91cCAyMDI1MDYxMzAxNDIyMw0KKkNhbXBhaWduIElkOiogMTgzNDgxMDE2OTU5NDg4Mg0KKkNhbXBhaWduIE5hbWU6KiBMZWFkIGdlbmVyYXRpb24yMDI1MDYxMzEzNDIxMQ0KKkZvcm0gTmFtZToqINCb0ZbQtNC4INCE0LLRgNC+0L/QsA0KKk5hbWU6KiDQktGP0YfQtdGB0LvQsNCyDQoqUGhvbmUgTnVtYmVyOiogKzQyMCA2MDYgOTgxIDI2NA0KKkZvcm0gSUQ6KiA3NTA0NjMzMTQ5NzE3MDg2NDcylIwFcHJpY2WUR0CPQAAAAAAAjA9kZWxpdmVyeV9udW1iZXKUjBM3NTE2NDEyNTMxOTA1MzgwNjMwlIwGc3RhdHVzlIwJY29tcGxldGVklIwPcXVldWVkX3Bvc2l0aW9ulE6MCmNyZWF0ZWRfYXSUjCAyMDI1LTA2LTE4VDEyOjQzOjMxLjU0ODA2NSswMzowMJSMEXN0YXR1c191cGRhdGVkX2F0lE6MC2FjdHVhbF9jYXNolEdAjCAAAAAAAIwMZnVsbF9hZGRyZXNzlE6MB2NvdW50cnmUTowEY2l0eZROjAtwb3N0YWxfY29kZZROjAZzdHJlZXSUTowLYXNzaWduZWRfdG+UTnV9lChoWEt7aFmMC0phbiDFoHRvamRslGhbjAw0MjA3MjQ3MTk5OTiUaF1oXmhfjAVlbWFpbJRoYVjiAwAATGVhZCBJRDogNzUxNjQ2NDA4ODMwNjg0MzkyNg0KRm9ybSBJRDogNzUwNDYzMzE0OTcxNzA4NjQ3Mg0KQ3JlYXRlIFRpbWU6IDIwMjUtMDYtMTYgMDg6NDE6NDYoVVRDKzAwOjAwKQ0KRm9ybSBOYW1lOiDQm9GW0LTQuCDQhNCy0YDQvtC/0LANCkNhbXBhaWduOiBMZWFkIGdlbmVyYXRpb24yMDI1MDYxMzEzNDIxMSAoSUQ6IDE4MzQ4MTAxNjk1OTQ4ODIpDQpBZCBHcm91cDogQWQgZ3JvdXAgMjAyNTA2MTMwMTQyMjMgKElEOiAxODM0ODEwMTgxMjg3OTUzKQ0KQWQ6IF8wMDEgKElEOiAxODM0ODExNDkyMDMzNjgyKQ0KT3JpZ2luYWwgUGhvbmU6ICs0MjAgNzI0IDcxOSA5OTgNCi0tLSDQn9C+0LLQvdC40Lkg0YLQtdC60YHRgiDQu9C40YHRgtCwIC0tLQ0KLS0tLS0tLS0tLSBGb3J3YXJkZWQgbWVzc2FnZSAtLS0tLS0tLS0NCtCS0ZbQtDogTGVhZHNCcmlkZ2UgU3VwcG9ydCA8c3VwcG9ydEBsZWFkc2JyaWRnZS5jb20+DQpEYXRlOiDQv9C9LCAxNiDRh9C10YDQsi4gMjAyNeKAr9GALiDQviAxMTo0Mg0KU3ViamVjdDog0JvQhtC00LgNClRvOiA8dGVybW92aWtuYUBnbWFpbC5jb20+DQoNCg0KKmZvcm1faWQ6KiA3NTA0NjMzMTQ5NzE3MDg2NDcyDQoqTGVhZCBJZDoqIDc1MTY0NjQwODgzMDY4NDM5MjYNCipDcmVhdGUgVGltZToqIDIwMjUtMDYtMTYgMDg6NDE6NDYoVVRDKzAwOjAwKQ0KKkFkIElkOiogMTgzNDgxMTQ5MjAzMzY4Mg0KKkFkIE5hbWU6KiBfMDAxDQoqQWRncm91cCBJZDoqIDE4MzQ4MTAxODEyODc5NTMNCipBZGdyb3VwIE5hbWU6KiBBZCBncm91cCAyMDI1MDYxMzAxNDIyMw0KKkNhbXBhaWduIElkOiogMTgzNDgxMDE2OTU5NDg4Mg0KKkNhbXBhaWduIE5hbWU6KiBMZWFkIGdlbmVyYXRpb24yMDI1MDYxMzEzNDIxMQ0KKkZvcm0gTmFtZToqINCb0ZbQtNC4INCE0LLRgNC+0L/QsA0KKk5hbWU6KiBKYW4gxaB0b2pkbA0KKlBob25lIE51bWJlcjoqICs0MjAgNzI0IDcxOSA5OTgNCipGb3JtIElEOiogNzUwNDYzMzE0OTcxNzA4NjQ3MpRoY0dAj0AAAAAAAGhkjBM3NTE2NDY0MDg4MzA2ODQzOTI2lGhmjARwYWlklGhoTmhpjCAyMDI1LTA2LTE4VDEyOjQzOjMxLjMwODg0OCswMzowMJRoa05obEdAjCAAAAAAAGhtTmhuTmhvTmhwTmhxTmhyTnV9lChoWEt6aFmMDklob3IgTmFza2FsbnlplGhbjAw0MjA3MjEzMjQwMDGUaF1oXmhfjAVlbWFpbJRoYVjlAwAATGVhZCBJRDogNzUxNjQ4NDQ1MjgwMjE1MDY3OA0KRm9ybSBJRDogNzUwNDYzMzE0OTcxNzA4NjQ3Mg0KQ3JlYXRlIFRpbWU6IDIwMjUtMDYtMTYgMTA6MDI6NDMoVVRDKzAwOjAwKQ0KRm9ybSBOYW1lOiDQm9GW0LTQuCDQhNCy0YDQvtC/0LANCkNhbXBhaWduOiBMZWFkIGdlbmVyYXRpb24yMDI1MDYxMzEzNDIxMSAoSUQ6IDE4MzQ4MTAxNjk1OTQ4ODIpDQpBZCBHcm91cDogQWQgZ3JvdXAgMjAyNTA2MTMwMTQyMjMgKElEOiAxODM0ODEwMTgxMjg3OTUzKQ0KQWQ6IF8wMDEgKElEOiAxODM0ODExNDkyMDMzNjY2KQ0KT3JpZ2luYWwgUGhvbmU6ICs0MjAgNzIxIDMyNCAwMDENCi0tLSDQn9C+0LLQvdC40Lkg0YLQtdC60YHRgiDQu9C40YHRgtCwIC0tLQ0KLS0tLS0tLS0tLSBGb3J3YXJkZWQgbWVzc2FnZSAtLS0tLS0tLS0NCtCS0ZbQtDogTGVhZHNCcmlkZ2UgU3VwcG9ydCA8c3VwcG9ydEBsZWFkc2JyaWRnZS5jb20+DQpEYXRlOiDQv9C9LCAxNiDRh9C10YDQsi4gMjAyNeKAr9GALiDQviAxMzowMg0KU3ViamVjdDog0JvQhtC00LgNClRvOiA8dGVybW92aWtuYUBnbWFpbC5jb20+DQoNCg0KKmZvcm1faWQ6KiA3NTA0NjMzMTQ5NzE3MDg2NDcyDQoqTGVhZCBJZDoqIDc1MTY0ODQ0NTI4MDIxNTA2NzgNCipDcmVhdGUgVGltZToqIDIwMjUtMDYtMTYgMTA6MDI6NDMoVVRDKzAwOjAwKQ0KKkFkIElkOiogMTgzNDgxMTQ5MjAzMzY2Ng0KKkFkIE5hbWU6KiBfMDAxDQoqQWRncm91cCBJZDoqIDE4MzQ4MTAxODEyODc5NTMNCipBZGdyb3VwIE5hbWU6KiBBZCBncm91cCAyMDI1MDYxMzAxNDIyMw0KKkNhbXBhaWduIElkOiogMTgzNDgxMDE2OTU5NDg4Mg0KKkNhbXBhaWduIE5hbWU6KiBMZWFkIGdlbmVyYXRpb24yMDI1MDYxMzEzNDIxMQ0KKkZvcm0gTmFtZToqINCb0ZbQtNC4INCE0LLRgNC+0L/QsA0KKk5hbWU6KiBJaG9yIE5hc2thbG55aQ0KKlBob25lIE51bWJlcjoqICs0MjAgNzIxIDMyNCAwMDENCipGb3JtIElEOiogNzUwNDYzMzE0OTcxNzA4NjQ3MpRoY0dAj0AAAAAAAGhkjBM3NTE2NDg0NDUyODAyMTUwNjc4lGhmaHloaE5oaYwgMjAyNS0wNi0xOFQxMjo0MzozMS4wNjk2NzUrMDM6MDCUaGtOaGxHQIwgAAAAAABobU5obk5ob05ocE5ocU5ock51fZQoaFhLeYwUYXNzaWduZWRfdG9fdXNlcm5hbWWUjAV1c2VyMZRoWYwRR2FicmllbGEgR2Fib3JvdmGUaFuMDDM4NDUyMDQxNDQxNpRoXWheaF+MBWVtYWlslGhhWN4DAABMZWFkIElEOiA3NTE2Nzc4NTI5NDY4NTgwMTE4DQpGb3JtIElEOiA3NTA0NjMzMTQ5NzE3MDg2NDcyDQpDcmVhdGUgVGltZTogMjAyNS0wNi0xNyAwNTowNjowMyhVVEMrMDA6MDApDQpGb3JtIE5hbWU6INCb0ZbQtNC4INCE0LLRgNC+0L/QsA0KQ2FtcGFpZ246IExlYWQgZ2VuZXJhdGlvbjIwMjUwNjEzMTM0MjExIChJRDogMTgzNDgxMDE2OTU5NDg4MikNCkFkIEdyb3VwOiBBZCBncm91cCAyMDI1MDYxMzAxNDIyMyAoSUQ6IDE4MzQ4MTAxODEyODc5NTMpDQpBZDogXzAwMSAoSUQ6IDE4MzQ4MTE0OTIwMzQ2MjYpDQpPcmlnaW5hbCBQaG9uZTogKzQ1MjA0MTQ0MTYNCi0tLSDQn9C+0LLQvdC40Lkg0YLQtdC60YHRgiDQu9C40YHRgtCwIC0tLQ0KLS0tLS0tLS0tLSBGb3J3YXJkZWQgbWVzc2FnZSAtLS0tLS0tLS0NCtCS0ZbQtDogTGVhZHNCcmlkZ2UgU3VwcG9ydCA8c3VwcG9ydEBsZWFkc2JyaWRnZS5jb20+DQpEYXRlOiDQstGCLCAxNyDRh9C10YDQsi4gMjAyNeKAr9GALiDQviAwODowNg0KU3ViamVjdDog0JvQhtC00LgNClRvOiA8dGVybW92aWtuYUBnbWFpbC5jb20+DQoNCg0KKmZvcm1faWQ6KiA3NTA0NjMzMTQ5NzE3MDg2NDcyDQoqTGVhZCBJZDoqIDc1MTY3Nzg1Mjk0Njg1ODAxMTgNCipDcmVhdGUgVGltZToqIDIwMjUtMDYtMTcgMDU6MDY6MDMoVVRDKzAwOjAwKQ0KKkFkIElkOiogMTgzNDgxMTQ5MjAzNDYyNg0KKkFkIE5hbWU6KiBfMDAxDQoqQWRncm91cCBJZDoqIDE4MzQ4MTAxODEyODc5NTMNCipBZGdyb3VwIE5hbWU6KiBBZCBncm91cCAyMDI1MDYxMzAxNDIyMw0KKkNhbXBhaWduIElkOiogMTgzNDgxMDE2OTU5NDg4Mg0KKkNhbXBhaWduIE5hbWU6KiBMZWFkIGdlbmVyYXRpb24yMDI1MDYxMzEzNDIxMQ0KKkZvcm0gTmFtZToqINCb0ZbQtNC4INCE0LLRgNC+0L/QsA0KKk5hbWU6KiBHYWJyaWVsYSBHYWJvcm92YQ0KKlBob25lIE51bWJlcjoqICs0NTIwNDE0NDE2DQoqRm9ybSBJRDoqIDc1MDQ2MzMxNDk3MTcwODY0NzKUaGNHQI9AAAAAAABoZIwTNzUxNjc3ODUyOTQ2ODU4MDExOJRoZmhnaGhOaGmMIDIwMjUtMDYtMThUMTI6NDM6MzAuODM0NDYwKzAzOjAwlGhrTmhsTmhtTmhuTmhvTmhwTmhxTmhySwJ1fZQoaFhLeGiDjAVhZG1pbpRoWYwSVGV0eWFuYSBQcm9rb3BlbmtvlGhbjAwzOTM2NjU0MjY1NDWUaF1oXmhfjAVlbWFpbJRoYVjpAwAATGVhZCBJRDogNzUxNjg0NjgyMzUzNzk4Mzc2Ng0KRm9ybSBJRDogNzUwNDYzMzE0OTcxNzA4NjQ3Mg0KQ3JlYXRlIFRpbWU6IDIwMjUtMDYtMTcgMDk6Mjg6NDIoVVRDKzAwOjAwKQ0KRm9ybSBOYW1lOiDQm9GW0LTQuCDQhNCy0YDQvtC/0LANCkNhbXBhaWduOiBMZWFkIGdlbmVyYXRpb24yMDI1MDYxMzEzNDIxMSAoSUQ6IDE4MzQ4MTAxNjk1OTQ4ODIpDQpBZCBHcm91cDogQWQgZ3JvdXAgMjAyNTA2MTMwMTQyMjMgKElEOiAxODM0ODEwMTgxMjg3OTUzKQ0KQWQ6IF8wMDEgKElEOiAxODM0ODExNDkyMDMzNjk4KQ0KT3JpZ2luYWwgUGhvbmU6ICszOSAzNjYgNTQyIDY1NDUNCi0tLSDQn9C+0LLQvdC40Lkg0YLQtdC60YHRgiDQu9C40YHRgtCwIC0tLQ0KLS0tLS0tLS0tLSBGb3J3YXJkZWQgbWVzc2FnZSAtLS0tLS0tLS0NCtCS0ZbQtDogTGVhZHNCcmlkZ2UgU3VwcG9ydCA8c3VwcG9ydEBsZWFkc2JyaWRnZS5jb20+DQpEYXRlOiDQstGCLCAxNyDRh9C10YDQsi4gMjAyNeKAr9GALiDQviAxMjoyOQ0KU3ViamVjdDog0JvQhtC00LgNClRvOiA8dGVybW92aWtuYUBnbWFpbC5jb20+DQoNCg0KKmZvcm1faWQ6KiA3NTA0NjMzMTQ5NzE3MDg2NDcyDQoqTGVhZCBJZDoqIDc1MTY4NDY4MjM1Mzc5ODM3NjYNCipDcmVhdGUgVGltZToqIDIwMjUtMDYtMTcgMDk6Mjg6NDIoVVRDKzAwOjAwKQ0KKkFkIElkOiogMTgzNDgxMTQ5MjAzMzY5OA0KKkFkIE5hbWU6KiBfMDAxDQoqQWRncm91cCBJZDoqIDE4MzQ4MTAxODEyODc5NTMNCipBZGdyb3VwIE5hbWU6KiBBZCBncm91cCAyMDI1MDYxMzAxNDIyMw0KKkNhbXBhaWduIElkOiogMTgzNDgxMDE2OTU5NDg4Mg0KKkNhbXBhaWduIE5hbWU6KiBMZWFkIGdlbmVyYXRpb24yMDI1MDYxMzEzNDIxMQ0KKkZvcm0gTmFtZToqINCb0ZbQtNC4INCE0LLRgNC+0L/QsA0KKk5hbWU6KiBUZXR5YW5hIFByb2tvcGVua28NCipQaG9uZSBOdW1iZXI6KiArMzkgMzY2IDU0MiA2NTQ1DQoqRm9ybSBJRDoqIDc1MDQ2MzMxNDk3MTcwODY0NzKUaGNHQI9AAAAAAABoZIwTNzUxNjg0NjgyMzUzNzk4Mzc2NpRoZmhnaGhOaGmMIDIwMjUtMDYtMThUMTI6NDM6MzAuNTk1MjQzKzAzOjAwlGhrTmhsTmhtTmhuTmhvTmhwTmhxTmhySwF1ZYWUUpR1jAlleGNlcHRpb26UiYwMY29udGVudF90eXBllE6ME2FjY2VwdGVkX21lZGlhX3R5cGWUaBGMEV9jbG9zYWJsZV9vYmplY3RzlF2UdWIu', '2025-06-23 13:13:58'); args=[':1:views.decorators.cache.cache_page.nashcrm.GET.91cbdc68949ff257b18b1f9f54e9205b.d41d8cd98f00b204e9800998ecf8427e.uk.Europe/Kyiv', 'gAWVmzgAAAAAAACMF3Jlc3RfZnJhbWV3b3JrLnJlc3BvbnNllIwIUmVzcG9uc2WUk5QpgZR9lCiMBXVzaW5nlE6MCF9yZXF1ZXN0lE6MB2hlYWRlcnOUjBRkamFuZ28uaHR0cC5yZXNwb25zZZSMD1Jlc3BvbnNlSGVhZGVyc5STlCmBlH2UjAZfc3RvcmWUfZQojAxjb250ZW50LXR5cGWUjAxDb250ZW50LVR5cGWUjBBhcHBsaWNhdGlvbi9qc29ulIaUjAVhbGxvd5SMBUFsbG93lIwYR0VULCBQT1NULCBIRUFELCBPUFRJT05TlIaUjA14LXF1ZXJ5LWNvdW50lIwNWC1RdWVyeS1Db3VudJSMAjExlIaUjA94LXJlc3BvbnNlLXRpbWWUjA9YLVJlc3BvbnNlLVRpbWWUjAYwLjA1MHOUhpSMD3gtZnJhbWUtb3B0aW9uc5SMD1gtRnJhbWUtT3B0aW9uc5SMBERFTlmUhpSMDmNvbnRlbnQtbGVuZ3RolIwOQ29udGVudC1MZW5ndGiUjAQ3MzU3lIaUjBZ4LWNvbnRlbnQtdHlwZS1vcHRpb25zlIwWWC1Db250ZW50LVR5cGUtT3B0aW9uc5SMB25vc25pZmaUhpSMD3JlZmVycmVyLXBvbGljeZSMD1JlZmVycmVyLVBvbGljeZSMC3NhbWUtb3JpZ2lulIaUjBpjcm9zcy1vcmlnaW4tb3BlbmVyLXBvbGljeZSMGkNyb3NzLU9yaWdpbi1PcGVuZXItUG9saWN5lGgthpSMBHZhcnmUjARWYXJ5lIwGb3JpZ2lulIaUjAdleHBpcmVzlIwHRXhwaXJlc5SMHU1vbiwgMjMgSnVuIDIwMjUgMTM6MTM6NTggR01UlIaUjA1jYWNoZS1jb250cm9slIwNQ2FjaGUtQ29udHJvbJSMC21heC1hZ2U9MzAwlIaUdXNijAhfY2hhcnNldJROjBFfcmVzb3VyY2VfY2xvc2Vyc5RdlIwOX2hhbmRsZXJfY2xhc3OUTowHY29va2llc5SMDGh0dHAuY29va2llc5SMDFNpbXBsZUNvb2tpZZSTlCmBlIwGY2xvc2VklImMDl9yZWFzb25fcGhyYXNllE6MCl9jb250YWluZXKUXZRCvRwAAHsiY291bnQiOjUsIm5leHQiOm51bGwsInByZXZpb3VzIjpudWxsLCJyZXN1bHRzIjpbeyJpZCI6MTI0LCJmdWxsX25hbWUiOiLQktGP0YfQtdGB0LvQsNCyIiwicGhvbmUiOiI0MjA2MDY5ODEyNjQiLCJlbWFpbCI6IiIsInNvdXJjZSI6ImVtYWlsIiwiZGVzY3JpcHRpb24iOiJMZWFkIElEOiA3NTE2NDEyNTMxOTA1MzgwNjMwXHJcbkZvcm0gSUQ6IDc1MDQ2MzMxNDk3MTcwODY0NzJcclxuQ3JlYXRlIFRpbWU6IDIwMjUtMDYtMTYgMDU6MjY6MzMoVVRDKzAwOjAwKVxyXG5Gb3JtIE5hbWU6INCb0ZbQtNC4INCE0LLRgNC+0L/QsFxyXG5DYW1wYWlnbjogTGVhZCBnZW5lcmF0aW9uMjAyNTA2MTMxMzQyMTEgKElEOiAxODM0ODEwMTY5NTk0ODgyKVxyXG5BZCBHcm91cDogQWQgZ3JvdXAgMjAyNTA2MTMwMTQyMjMgKElEOiAxODM0ODEwMTgxMjg3OTUzKVxyXG5BZDogXzAwMSAoSUQ6IDE4MzQ4MTE0OTIwMzM2ODIpXHJcbk9yaWdpbmFsIFBob25lOiArNDIwIDYwNiA5ODEgMjY0XHJcbi0tLSDQn9C+0LLQvdC40Lkg0YLQtdC60YHRgiDQu9C40YHRgtCwIC0tLVxyXG4tLS0tLS0tLS0tIEZvcndhcmRlZCBtZXNzYWdlIC0tLS0tLS0tLVxyXG7QktGW0LQ6IExlYWRzQnJpZGdlIFN1cHBvcnQgPHN1cHBvcnRAbGVhZHNicmlkZ2UuY29tPlxyXG5EYXRlOiDQv9C9LCAxNiDRh9C10YDQsi4gMjAyNeKAr9GALiDQviAwODoyN1xyXG5TdWJqZWN0OiDQm9CG0LTQuFxyXG5UbzogPHRlcm1vdmlrbmFAZ21haWwuY29tPlxyXG5cclxuXHJcbipmb3JtX2lkOiogNzUwNDYzMzE0OTcxNzA4NjQ3MlxyXG4qTGVhZCBJZDoqIDc1MTY0MTI1MzE5MDUzODA2MzBcclxuKkNyZWF0ZSBUaW1lOiogMjAyNS0wNi0xNiAwNToyNjozMyhVVEMrMDA6MDApXHJcbipBZCBJZDoqIDE4MzQ4MTE0OTIwMzM2ODJcclxuKkFkIE5hbWU6KiBfMDAxXHJcbipBZGdyb3VwIElkOiogMTgzNDgxMDE4MTI4Nzk1M1xyXG4qQWRncm91cCBOYW1lOiogQWQgZ3JvdXAgMjAyNTA2MTMwMTQyMjNcclxuKkNhbXBhaWduIElkOiogMTgzNDgxMDE2OTU5NDg4MlxyXG4qQ2FtcGFpZ24gTmFtZToqIExlYWQgZ2VuZXJhdGlvbjIwMjUwNjEzMTM0MjExXHJcbipGb3JtIE5hbWU6KiDQm9GW0LTQuCDQhNCy0YDQvtC/0LBcclxuKk5hbWU6KiDQktGP0YfQtdGB0LvQsNCyXHJcbipQaG9uZSBOdW1iZXI6KiArNDIwIDYwNiA5ODEgMjY0XHJcbipGb3JtIElEOiogNzUwNDYzMzE0OTcxNzA4NjQ3MiIsInByaWNlIjoxMDAwLjAsImRlbGl2ZXJ5X251bWJlciI6Ijc1MTY0MTI1MzE5MDUzODA2MzAiLCJzdGF0dXMiOiJjb21wbGV0ZWQiLCJxdWV1ZWRfcG9zaXRpb24iOm51bGwsImNyZWF0ZWRfYXQiOiIyMDI1LTA2LTE4VDEyOjQzOjMxLjU0ODA2NSswMzowMCIsInN0YXR1c191cGRhdGVkX2F0IjpudWxsLCJhY3R1YWxfY2FzaCI6OTAwLjAsImZ1bGxfYWRkcmVzcyI6bnVsbCwiY291bnRyeSI6bnVsbCwiY2l0eSI6bnVsbCwicG9zdGFsX2NvZGUiOm51bGwsInN0cmVldCI6bnVsbCwiYXNzaWduZWRfdG8iOm51bGx9LHsiaWQiOjEyMywiZnVsbF9uYW1lIjoiSmFuIMWgdG9qZGwiLCJwaG9uZSI6IjQyMDcyNDcxOTk5OCIsImVtYWlsIjoiIiwic291cmNlIjoiZW1haWwiLCJkZXNjcmlwdGlvbiI6IkxlYWQgSUQ6IDc1MTY0NjQwODgzMDY4NDM5MjZcclxuRm9ybSBJRDogNzUwNDYzMzE0OTcxNzA4NjQ3MlxyXG5DcmVhdGUgVGltZTogMjAyNS0wNi0xNiAwODo0MTo0NihVVEMrMDA6MDApXHJcbkZvcm0gTmFtZTog0JvRltC00Lgg0ITQstGA0L7Qv9CwXHJcbkNhbXBhaWduOiBMZWFkIGdlbmVyYXRpb24yMDI1MDYxMzEzNDIxMSAoSUQ6IDE4MzQ4MTAxNjk1OTQ4ODIpXHJcbkFkIEdyb3VwOiBBZCBncm91cCAyMDI1MDYxMzAxNDIyMyAoSUQ6IDE4MzQ4MTAxODEyODc5NTMpXHJcbkFkOiBfMDAxIChJRDogMTgzNDgxMTQ5MjAzMzY4MilcclxuT3JpZ2luYWwgUGhvbmU6ICs0MjAgNzI0IDcxOSA5OThcclxuLS0tINCf0L7QstC90LjQuSDRgtC10LrRgdGCINC70LjRgdGC0LAgLS0tXHJcbi0tLS0tLS0tLS0gRm9yd2FyZGVkIG1lc3NhZ2UgLS0tLS0tLS0tXHJcbtCS0ZbQtDogTGVhZHNCcmlkZ2UgU3VwcG9ydCA8c3VwcG9ydEBsZWFkc2JyaWRnZS5jb20+XHJcbkRhdGU6INC/0L0sIDE2INGH0LXRgNCyLiAyMDI14oCv0YAuINC+IDExOjQyXHJcblN1YmplY3Q6INCb0IbQtNC4XHJcblRvOiA8dGVybW92aWtuYUBnbWFpbC5jb20+XHJcblxyXG5cclxuKmZvcm1faWQ6KiA3NTA0NjMzMTQ5NzE3MDg2NDcyXHJcbipMZWFkIElkOiogNzUxNjQ2NDA4ODMwNjg0MzkyNlxyXG4qQ3JlYXRlIFRpbWU6KiAyMDI1LTA2LTE2IDA4OjQxOjQ2KFVUQyswMDowMClcclxuKkFkIElkOiogMTgzNDgxMTQ5MjAzMzY4MlxyXG4qQWQgTmFtZToqIF8wMDFcclxuKkFkZ3JvdXAgSWQ6KiAxODM0ODEwMTgxMjg3OTUzXHJcbipBZGdyb3VwIE5hbWU6KiBBZCBncm91cCAyMDI1MDYxMzAxNDIyM1xyXG4qQ2FtcGFpZ24gSWQ6KiAxODM0ODEwMTY5NTk0ODgyXHJcbipDYW1wYWlnbiBOYW1lOiogTGVhZCBnZW5lcmF0aW9uMjAyNTA2MTMxMzQyMTFcclxuKkZvcm0gTmFtZToqINCb0ZbQtNC4INCE0LLRgNC+0L/QsFxyXG4qTmFtZToqIEphbiDFoHRvamRsXHJcbipQaG9uZSBOdW1iZXI6KiArNDIwIDcyNCA3MTkgOTk4XHJcbipGb3JtIElEOiogNzUwNDYzMzE0OTcxNzA4NjQ3MiIsInByaWNlIjoxMDAwLjAsImRlbGl2ZXJ5X251bWJlciI6Ijc1MTY0NjQwODgzMDY4NDM5MjYiLCJzdGF0dXMiOiJwYWlkIiwicXVldWVkX3Bvc2l0aW9uIjpudWxsLCJjcmVhdGVkX2F0IjoiMjAyNS0wNi0xOFQxMjo0MzozMS4zMDg4NDgrMDM6MDAiLCJzdGF0dXNfdXBkYXRlZF9hdCI6bnVsbCwiYWN0dWFsX2Nhc2giOjkwMC4wLCJmdWxsX2FkZHJlc3MiOm51bGwsImNvdW50cnkiOm51bGwsImNpdHkiOm51bGwsInBvc3RhbF9jb2RlIjpudWxsLCJzdHJlZXQiOm51bGwsImFzc2lnbmVkX3RvIjpudWxsfSx7ImlkIjoxMjIsImZ1bGxfbmFtZSI6Iklob3IgTmFza2FsbnlpIiwicGhvbmUiOiI0MjA3MjEzMjQwMDEiLCJlbWFpbCI6IiIsInNvdXJjZSI6ImVtYWlsIiwiZGVzY3JpcHRpb24iOiJMZWFkIElEOiA3NTE2NDg0NDUyODAyMTUwNjc4XHJcbkZvcm0gSUQ6IDc1MDQ2MzMxNDk3MTcwODY0NzJcclxuQ3JlYXRlIFRpbWU6IDIwMjUtMDYtMTYgMTA6MDI6NDMoVVRDKzAwOjAwKVxyXG5Gb3JtIE5hbWU6INCb0ZbQtNC4INCE0LLRgNC+0L/QsFxyXG5DYW1wYWlnbjogTGVhZCBnZW5lcmF0aW9uMjAyNTA2MTMxMzQyMTEgKElEOiAxODM0ODEwMTY5NTk0ODgyKVxyXG5BZCBHcm91cDogQWQgZ3JvdXAgMjAyNTA2MTMwMTQyMjMgKElEOiAxODM0ODEwMTgxMjg3OTUzKVxyXG5BZDogXzAwMSAoSUQ6IDE4MzQ4MTE0OTIwMzM2NjYpXHJcbk9yaWdpbmFsIFBob25lOiArNDIwIDcyMSAzMjQgMDAxXHJcbi0tLSDQn9C+0LLQvdC40Lkg0YLQtdC60YHRgiDQu9C40YHRgtCwIC0tLVxyXG4tLS0tLS0tLS0tIEZvcndhcmRlZCBtZXNzYWdlIC0tLS0tLS0tLVxyXG7QktGW0LQ6IExlYWRzQnJpZGdlIFN1cHBvcnQgPHN1cHBvcnRAbGVhZHNicmlkZ2UuY29tPlxyXG5EYXRlOiDQv9C9LCAxNiDRh9C10YDQsi4gMjAyNeKAr9GALiDQviAxMzowMlxyXG5TdWJqZWN0OiDQm9CG0LTQuFxyXG5UbzogPHRlcm1vdmlrbmFAZ21haWwuY29tPlxyXG5cclxuXHJcbipmb3JtX2lkOiogNzUwNDYzMzE0OTcxNzA4NjQ3MlxyXG4qTGVhZCBJZDoqIDc1MTY0ODQ0NTI4MDIxNTA2NzhcclxuKkNyZWF0ZSBUaW1lOiogMjAyNS0wNi0xNiAxMDowMjo0MyhVVEMrMDA6MDApXHJcbipBZCBJZDoqIDE4MzQ4MTE0OTIwMzM2NjZcclxuKkFkIE5hbWU6KiBfMDAxXHJcbipBZGdyb3VwIElkOiogMTgzNDgxMDE4MTI4Nzk1M1xyXG4qQWRncm91cCBOYW1lOiogQWQgZ3JvdXAgMjAyNTA2MTMwMTQyMjNcclxuKkNhbXBhaWduIElkOiogMTgzNDgxMDE2OTU5NDg4MlxyXG4qQ2FtcGFpZ24gTmFtZToqIExlYWQgZ2VuZXJhdGlvbjIwMjUwNjEzMTM0MjExXHJcbipGb3JtIE5hbWU6KiDQm9GW0LTQuCDQhNCy0YDQvtC/0LBcclxuKk5hbWU6KiBJaG9yIE5hc2thbG55aVxyXG4qUGhvbmUgTnVtYmVyOiogKzQyMCA3MjEgMzI0IDAwMVxyXG4qRm9ybSBJRDoqIDc1MDQ2MzMxNDk3MTcwODY0NzIiLCJwcmljZSI6MTAwMC4wLCJkZWxpdmVyeV9udW1iZXIiOiI3NTE2NDg0NDUyODAyMTUwNjc4Iiwic3RhdHVzIjoicGFpZCIsInF1ZXVlZF9wb3NpdGlvbiI6bnVsbCwiY3JlYXRlZF9hdCI6IjIwMjUtMDYtMThUMTI6NDM6MzEuMDY5Njc1KzAzOjAwIiwic3RhdHVzX3VwZGF0ZWRfYXQiOm51bGwsImFjdHVhbF9jYXNoIjo5MDAuMCwiZnVsbF9hZGRyZXNzIjpudWxsLCJjb3VudHJ5IjpudWxsLCJjaXR5IjpudWxsLCJwb3N0YWxfY29kZSI6bnVsbCwic3RyZWV0IjpudWxsLCJhc3NpZ25lZF90byI6bnVsbH0seyJpZCI6MTIxLCJhc3NpZ25lZF90b191c2VybmFtZSI6InVzZXIxIiwiZnVsbF9uYW1lIjoiR2FicmllbGEgR2Fib3JvdmEiLCJwaG9uZSI6IjM4NDUyMDQxNDQxNiIsImVtYWlsIjoiIiwic291cmNlIjoiZW1haWwiLCJkZXNjcmlwdGlvbiI6IkxlYWQgSUQ6IDc1MTY3Nzg1Mjk0Njg1ODAxMThcclxuRm9ybSBJRDogNzUwNDYzMzE0OTcxNzA4NjQ3MlxyXG5DcmVhdGUgVGltZTogMjAyNS0wNi0xNyAwNTowNjowMyhVVEMrMDA6MDApXHJcbkZvcm0gTmFtZTog0JvRltC00Lgg0ITQstGA0L7Qv9CwXHJcbkNhbXBhaWduOiBMZWFkIGdlbmVyYXRpb24yMDI1MDYxMzEzNDIxMSAoSUQ6IDE4MzQ4MTAxNjk1OTQ4ODIpXHJcbkFkIEdyb3VwOiBBZCBncm91cCAyMDI1MDYxMzAxNDIyMyAoSUQ6IDE4MzQ4MTAxODEyODc5NTMpXHJcbkFkOiBfMDAxIChJRDogMTgzNDgxMTQ5MjAzNDYyNilcclxuT3JpZ2luYWwgUGhvbmU6ICs0NTIwNDE0NDE2XHJcbi0tLSDQn9C+0LLQvdC40Lkg0YLQtdC60YHRgiDQu9C40YHRgtCwIC0tLVxyXG4tLS0tLS0tLS0tIEZvcndhcmRlZCBtZXNzYWdlIC0tLS0tLS0tLVxyXG7QktGW0LQ6IExlYWRzQnJpZGdlIFN1cHBvcnQgPHN1cHBvcnRAbGVhZHNicmlkZ2UuY29tPlxyXG5EYXRlOiDQstGCLCAxNyDRh9C10YDQsi4gMjAyNeKAr9GALiDQviAwODowNlxyXG5TdWJqZWN0OiDQm9CG0LTQuFxyXG5UbzogPHRlcm1vdmlrbmFAZ21haWwuY29tPlxyXG5cclxuXHJcbipmb3JtX2lkOiogNzUwNDYzMzE0OTcxNzA4NjQ3MlxyXG4qTGVhZCBJZDoqIDc1MTY3Nzg1Mjk0Njg1ODAxMThcclxuKkNyZWF0ZSBUaW1lOiogMjAyNS0wNi0xNyAwNTowNjowMyhVVEMrMDA6MDApXHJcbipBZCBJZDoqIDE4MzQ4MTE0OTIwMzQ2MjZcclxuKkFkIE5hbWU6KiBfMDAxXHJcbipBZGdyb3VwIElkOiogMTgzNDgxMDE4MTI4Nzk1M1xyXG4qQWRncm91cCBOYW1lOiogQWQgZ3JvdXAgMjAyNTA2MTMwMTQyMjNcclxuKkNhbXBhaWduIElkOiogMTgzNDgxMDE2OTU5NDg4MlxyXG4qQ2FtcGFpZ24gTmFtZToqIExlYWQgZ2VuZXJhdGlvbjIwMjUwNjEzMTM0MjExXHJcbipGb3JtIE5hbWU6KiDQm9GW0LTQuCDQhNCy0YDQvtC/0LBcclxuKk5hbWU6KiBHYWJyaWVsYSBHYWJvcm92YVxyXG4qUGhvbmUgTnVtYmVyOiogKzQ1MjA0MTQ0MTZcclxuKkZvcm0gSUQ6KiA3NTA0NjMzMTQ5NzE3MDg2NDcyIiwicHJpY2UiOjEwMDAuMCwiZGVsaXZlcnlfbnVtYmVyIjoiNzUxNjc3ODUyOTQ2ODU4MDExOCIsInN0YXR1cyI6ImNvbXBsZXRlZCIsInF1ZXVlZF9wb3NpdGlvbiI6bnVsbCwiY3JlYXRlZF9hdCI6IjIwMjUtMDYtMThUMTI6NDM6MzAuODM0NDYwKzAzOjAwIiwic3RhdHVzX3VwZGF0ZWRfYXQiOm51bGwsImFjdHVhbF9jYXNoIjpudWxsLCJmdWxsX2FkZHJlc3MiOm51bGwsImNvdW50cnkiOm51bGwsImNpdHkiOm51bGwsInBvc3RhbF9jb2RlIjpudWxsLCJzdHJlZXQiOm51bGwsImFzc2lnbmVkX3RvIjoyfSx7ImlkIjoxMjAsImFzc2lnbmVkX3RvX3VzZXJuYW1lIjoiYWRtaW4iLCJmdWxsX25hbWUiOiJUZXR5YW5hIFByb2tvcGVua28iLCJwaG9uZSI6IjM5MzY2NTQyNjU0NSIsImVtYWlsIjoiIiwic291cmNlIjoiZW1haWwiLCJkZXNjcmlwdGlvbiI6IkxlYWQgSUQ6IDc1MTY4NDY4MjM1Mzc5ODM3NjZcclxuRm9ybSBJRDogNzUwNDYzMzE0OTcxNzA4NjQ3MlxyXG5DcmVhdGUgVGltZTogMjAyNS0wNi0xNyAwOToyODo0MihVVEMrMDA6MDApXHJcbkZvcm0gTmFtZTog0JvRltC00Lgg0ITQstGA0L7Qv9CwXHJcbkNhbXBhaWduOiBMZWFkIGdlbmVyYXRpb24yMDI1MDYxMzEzNDIxMSAoSUQ6IDE4MzQ4MTAxNjk1OTQ4ODIpXHJcbkFkIEdyb3VwOiBBZCBncm91cCAyMDI1MDYxMzAxNDIyMyAoSUQ6IDE4MzQ4MTAxODEyODc5NTMpXHJcbkFkOiBfMDAxIChJRDogMTgzNDgxMTQ5MjAzMzY5OClcclxuT3JpZ2luYWwgUGhvbmU6ICszOSAzNjYgNTQyIDY1NDVcclxuLS0tINCf0L7QstC90LjQuSDRgtC10LrRgdGCINC70LjRgdGC0LAgLS0tXHJcbi0tLS0tLS0tLS0gRm9yd2FyZGVkIG1lc3NhZ2UgLS0tLS0tLS0tXHJcbtCS0ZbQtDogTGVhZHNCcmlkZ2UgU3VwcG9ydCA8c3VwcG9ydEBsZWFkc2JyaWRnZS5jb20+XHJcbkRhdGU6INCy0YIsIDE3INGH0LXRgNCyLiAyMDI14oCv0YAuINC+IDEyOjI5XHJcblN1YmplY3Q6INCb0IbQtNC4XHJcblRvOiA8dGVybW92aWtuYUBnbWFpbC5jb20+XHJcblxyXG5cclxuKmZvcm1faWQ6KiA3NTA0NjMzMTQ5NzE3MDg2NDcyXHJcbipMZWFkIElkOiogNzUxNjg0NjgyMzUzNzk4Mzc2NlxyXG4qQ3JlYXRlIFRpbWU6KiAyMDI1LTA2LTE3IDA5OjI4OjQyKFVUQyswMDowMClcclxuKkFkIElkOiogMTgzNDgxMTQ5MjAzMzY5OFxyXG4qQWQgTmFtZToqIF8wMDFcclxuKkFkZ3JvdXAgSWQ6KiAxODM0ODEwMTgxMjg3OTUzXHJcbipBZGdyb3VwIE5hbWU6KiBBZCBncm91cCAyMDI1MDYxMzAxNDIyM1xyXG4qQ2FtcGFpZ24gSWQ6KiAxODM0ODEwMTY5NTk0ODgyXHJcbipDYW1wYWlnbiBOYW1lOiogTGVhZCBnZW5lcmF0aW9uMjAyNTA2MTMxMzQyMTFcclxuKkZvcm0gTmFtZToqINCb0ZbQtNC4INCE0LLRgNC+0L/QsFxyXG4qTmFtZToqIFRldHlhbmEgUHJva29wZW5rb1xyXG4qUGhvbmUgTnVtYmVyOiogKzM5IDM2NiA1NDIgNjU0NVxyXG4qRm9ybSBJRDoqIDc1MDQ2MzMxNDk3MTcwODY0NzIiLCJwcmljZSI6MTAwMC4wLCJkZWxpdmVyeV9udW1iZXIiOiI3NTE2ODQ2ODIzNTM3OTgzNzY2Iiwic3RhdHVzIjoiY29tcGxldGVkIiwicXVldWVkX3Bvc2l0aW9uIjpudWxsLCJjcmVhdGVkX2F0IjoiMjAyNS0wNi0xOFQxMjo0MzozMC41OTUyNDMrMDM6MDAiLCJzdGF0dXNfdXBkYXRlZF9hdCI6bnVsbCwiYWN0dWFsX2Nhc2giOm51bGwsImZ1bGxfYWRkcmVzcyI6bnVsbCwiY291bnRyeSI6bnVsbCwiY2l0eSI6bnVsbCwicG9zdGFsX2NvZGUiOm51bGwsInN0cmVldCI6bnVsbCwiYXNzaWduZWRfdG8iOjF9XX2UYYwMX2lzX3JlbmRlcmVklIiMBGRhdGGUfZQojAVjb3VudJRLBYwEbmV4dJROjAhwcmV2aW91c5ROjAdyZXN1bHRzlIwIYnVpbHRpbnOUjARsaXN0lJOUXZQofZQojAJpZJRLfIwJZnVsbF9uYW1llIwQ0JLRj9GH0LXRgdC70LDQspSMBXBob25llIwMNDIwNjA2OTgxMjY0lIwFZW1haWyUjACUjAZzb3VyY2WUjAVlbWFpbJSMC2Rlc2NyaXB0aW9ulFjnAwAATGVhZCBJRDogNzUxNjQxMjUzMTkwNTM4MDYzMA0KRm9ybSBJRDogNzUwNDYzMzE0OTcxNzA4NjQ3Mg0KQ3JlYXRlIFRpbWU6IDIwMjUtMDYtMTYgMDU6MjY6MzMoVVRDKzAwOjAwKQ0KRm9ybSBOYW1lOiDQm9GW0LTQuCDQhNCy0YDQvtC/0LANCkNhbXBhaWduOiBMZWFkIGdlbmVyYXRpb24yMDI1MDYxMzEzNDIxMSAoSUQ6IDE4MzQ4MTAxNjk1OTQ4ODIpDQpBZCBHcm91cDogQWQgZ3JvdXAgMjAyNTA2MTMwMTQyMjMgKElEOiAxODM0ODEwMTgxMjg3OTUzKQ0KQWQ6IF8wMDEgKElEOiAxODM0ODExNDkyMDMzNjgyKQ0KT3JpZ2luYWwgUGhvbmU6ICs0MjAgNjA2IDk4MSAyNjQNCi0tLSDQn9C+0LLQvdC40Lkg0YLQtdC60YHRgiDQu9C40YHRgtCwIC0tLQ0KLS0tLS0tLS0tLSBGb3J3YXJkZWQgbWVzc2FnZSAtLS0tLS0tLS0NCtCS0ZbQtDogTGVhZHNCcmlkZ2UgU3VwcG9ydCA8c3VwcG9ydEBsZWFkc2JyaWRnZS5jb20+DQpEYXRlOiDQv9C9LCAxNiDRh9C10YDQsi4gMjAyNeKAr9GALiDQviAwODoyNw0KU3ViamVjdDog0JvQhtC00LgNClRvOiA8dGVybW92aWtuYUBnbWFpbC5jb20+DQoNCg0KKmZvcm1faWQ6KiA3NTA0NjMzMTQ5NzE3MDg2NDcyDQoqTGVhZCBJZDoqIDc1MTY0MTI1MzE5MDUzODA2MzANCipDcmVhdGUgVGltZToqIDIwMjUtMDYtMTYgMDU6MjY6MzMoVVRDKzAwOjAwKQ0KKkFkIElkOiogMTgzNDgxMTQ5MjAzMzY4Mg0KKkFkIE5hbWU6KiBfMDAxDQoqQWRncm91cCBJZDoqIDE4MzQ4MTAxODEyODc5NTMNCipBZGdyb3VwIE5hbWU6KiBBZCBncm91cCAyMDI1MDYxMzAxNDIyMw0KKkNhbXBhaWduIElkOiogMTgzNDgxMDE2OTU5NDg4Mg0KKkNhbXBhaWduIE5hbWU6KiBMZWFkIGdlbmVyYXRpb24yMDI1MDYxMzEzNDIxMQ0KKkZvcm0gTmFtZToqINCb0ZbQtNC4INCE0LLRgNC+0L/QsA0KKk5hbWU6KiDQktGP0YfQtdGB0LvQsNCyDQoqUGhvbmUgTnVtYmVyOiogKzQyMCA2MDYgOTgxIDI2NA0KKkZvcm0gSUQ6KiA3NTA0NjMzMTQ5NzE3MDg2NDcylIwFcHJpY2WUR0CPQAAAAAAAjA9kZWxpdmVyeV9udW1iZXKUjBM3NTE2NDEyNTMxOTA1MzgwNjMwlIwGc3RhdHVzlIwJY29tcGxldGVklIwPcXVldWVkX3Bvc2l0aW9ulE6MCmNyZWF0ZWRfYXSUjCAyMDI1LTA2LTE4VDEyOjQzOjMxLjU0ODA2NSswMzowMJSMEXN0YXR1c191cGRhdGVkX2F0lE6MC2FjdHVhbF9jYXNolEdAjCAAAAAAAIwMZnVsbF9hZGRyZXNzlE6MB2NvdW50cnmUTowEY2l0eZROjAtwb3N0YWxfY29kZZROjAZzdHJlZXSUTowLYXNzaWduZWRfdG+UTnV9lChoWEt7aFmMC0phbiDFoHRvamRslGhbjAw0MjA3MjQ3MTk5OTiUaF1oXmhfjAVlbWFpbJRoYVjiAwAATGVhZCBJRDogNzUxNjQ2NDA4ODMwNjg0MzkyNg0KRm9ybSBJRDogNzUwNDYzMzE0OTcxNzA4NjQ3Mg0KQ3JlYXRlIFRpbWU6IDIwMjUtMDYtMTYgMDg6NDE6NDYoVVRDKzAwOjAwKQ0KRm9ybSBOYW1lOiDQm9GW0LTQuCDQhNCy0YDQvtC/0LANCkNhbXBhaWduOiBMZWFkIGdlbmVyYXRpb24yMDI1MDYxMzEzNDIxMSAoSUQ6IDE4MzQ4MTAxNjk1OTQ4ODIpDQpBZCBHcm91cDogQWQgZ3JvdXAgMjAyNTA2MTMwMTQyMjMgKElEOiAxODM0ODEwMTgxMjg3OTUzKQ0KQWQ6IF8wMDEgKElEOiAxODM0ODExNDkyMDMzNjgyKQ0KT3JpZ2luYWwgUGhvbmU6ICs0MjAgNzI0IDcxOSA5OTgNCi0tLSDQn9C+0LLQvdC40Lkg0YLQtdC60YHRgiDQu9C40YHRgtCwIC0tLQ0KLS0tLS0tLS0tLSBGb3J3YXJkZWQgbWVzc2FnZSAtLS0tLS0tLS0NCtCS0ZbQtDogTGVhZHNCcmlkZ2UgU3VwcG9ydCA8c3VwcG9ydEBsZWFkc2JyaWRnZS5jb20+DQpEYXRlOiDQv9C9LCAxNiDRh9C10YDQsi4gMjAyNeKAr9GALiDQviAxMTo0Mg0KU3ViamVjdDog0JvQhtC00LgNClRvOiA8dGVybW92aWtuYUBnbWFpbC5jb20+DQoNCg0KKmZvcm1faWQ6KiA3NTA0NjMzMTQ5NzE3MDg2NDcyDQoqTGVhZCBJZDoqIDc1MTY0NjQwODgzMDY4NDM5MjYNCipDcmVhdGUgVGltZToqIDIwMjUtMDYtMTYgMDg6NDE6NDYoVVRDKzAwOjAwKQ0KKkFkIElkOiogMTgzNDgxMTQ5MjAzMzY4Mg0KKkFkIE5hbWU6KiBfMDAxDQoqQWRncm91cCBJZDoqIDE4MzQ4MTAxODEyODc5NTMNCipBZGdyb3VwIE5hbWU6KiBBZCBncm91cCAyMDI1MDYxMzAxNDIyMw0KKkNhbXBhaWduIElkOiogMTgzNDgxMDE2OTU5NDg4Mg0KKkNhbXBhaWduIE5hbWU6KiBMZWFkIGdlbmVyYXRpb24yMDI1MDYxMzEzNDIxMQ0KKkZvcm0gTmFtZToqINCb0ZbQtNC4INCE0LLRgNC+0L/QsA0KKk5hbWU6KiBKYW4gxaB0b2pkbA0KKlBob25lIE51bWJlcjoqICs0MjAgNzI0IDcxOSA5OTgNCipGb3JtIElEOiogNzUwNDYzMzE0OTcxNzA4NjQ3MpRoY0dAj0AAAAAAAGhkjBM3NTE2NDY0MDg4MzA2ODQzOTI2lGhmjARwYWlklGhoTmhpjCAyMDI1LTA2LTE4VDEyOjQzOjMxLjMwODg0OCswMzowMJRoa05obEdAjCAAAAAAAGhtTmhuTmhvTmhwTmhxTmhyTnV9lChoWEt6aFmMDklob3IgTmFza2FsbnlplGhbjAw0MjA3MjEzMjQwMDGUaF1oXmhfjAVlbWFpbJRoYVjlAwAATGVhZCBJRDogNzUxNjQ4NDQ1MjgwMjE1MDY3OA0KRm9ybSBJRDogNzUwNDYzMzE0OTcxNzA4NjQ3Mg0KQ3JlYXRlIFRpbWU6IDIwMjUtMDYtMTYgMTA6MDI6NDMoVVRDKzAwOjAwKQ0KRm9ybSBOYW1lOiDQm9GW0LTQuCDQhNCy0YDQvtC/0LANCkNhbXBhaWduOiBMZWFkIGdlbmVyYXRpb24yMDI1MDYxMzEzNDIxMSAoSUQ6IDE4MzQ4MTAxNjk1OTQ4ODIpDQpBZCBHcm91cDogQWQgZ3JvdXAgMjAyNTA2MTMwMTQyMjMgKElEOiAxODM0ODEwMTgxMjg3OTUzKQ0KQWQ6IF8wMDEgKElEOiAxODM0ODExNDkyMDMzNjY2KQ0KT3JpZ2luYWwgUGhvbmU6ICs0MjAgNzIxIDMyNCAwMDENCi0tLSDQn9C+0LLQvdC40Lkg0YLQtdC60YHRgiDQu9C40YHRgtCwIC0tLQ0KLS0tLS0tLS0tLSBGb3J3YXJkZWQgbWVzc2FnZSAtLS0tLS0tLS0NCtCS0ZbQtDogTGVhZHNCcmlkZ2UgU3VwcG9ydCA8c3VwcG9ydEBsZWFkc2JyaWRnZS5jb20+DQpEYXRlOiDQv9C9LCAxNiDRh9C10YDQsi4gMjAyNeKAr9GALiDQviAxMzowMg0KU3ViamVjdDog0JvQhtC00LgNClRvOiA8dGVybW92aWtuYUBnbWFpbC5jb20+DQoNCg0KKmZvcm1faWQ6KiA3NTA0NjMzMTQ5NzE3MDg2NDcyDQoqTGVhZCBJZDoqIDc1MTY0ODQ0NTI4MDIxNTA2NzgNCipDcmVhdGUgVGltZToqIDIwMjUtMDYtMTYgMTA6MDI6NDMoVVRDKzAwOjAwKQ0KKkFkIElkOiogMTgzNDgxMTQ5MjAzMzY2Ng0KKkFkIE5hbWU6KiBfMDAxDQoqQWRncm91cCBJZDoqIDE4MzQ4MTAxODEyODc5NTMNCipBZGdyb3VwIE5hbWU6KiBBZCBncm91cCAyMDI1MDYxMzAxNDIyMw0KKkNhbXBhaWduIElkOiogMTgzNDgxMDE2OTU5NDg4Mg0KKkNhbXBhaWduIE5hbWU6KiBMZWFkIGdlbmVyYXRpb24yMDI1MDYxMzEzNDIxMQ0KKkZvcm0gTmFtZToqINCb0ZbQtNC4INCE0LLRgNC+0L/QsA0KKk5hbWU6KiBJaG9yIE5hc2thbG55aQ0KKlBob25lIE51bWJlcjoqICs0MjAgNzIxIDMyNCAwMDENCipGb3JtIElEOiogNzUwNDYzMzE0OTcxNzA4NjQ3MpRoY0dAj0AAAAAAAGhkjBM3NTE2NDg0NDUyODAyMTUwNjc4lGhmaHloaE5oaYwgMjAyNS0wNi0xOFQxMjo0MzozMS4wNjk2NzUrMDM6MDCUaGtOaGxHQIwgAAAAAABobU5obk5ob05ocE5ocU5ock51fZQoaFhLeYwUYXNzaWduZWRfdG9fdXNlcm5hbWWUjAV1c2VyMZRoWYwRR2FicmllbGEgR2Fib3JvdmGUaFuMDDM4NDUyMDQxNDQxNpRoXWheaF+MBWVtYWlslGhhWN4DAABMZWFkIElEOiA3NTE2Nzc4NTI5NDY4NTgwMTE4DQpGb3JtIElEOiA3NTA0NjMzMTQ5NzE3MDg2NDcyDQpDcmVhdGUgVGltZTogMjAyNS0wNi0xNyAwNTowNjowMyhVVEMrMDA6MDApDQpGb3JtIE5hbWU6INCb0ZbQtNC4INCE0LLRgNC+0L/QsA0KQ2FtcGFpZ246IExlYWQgZ2VuZXJhdGlvbjIwMjUwNjEzMTM0MjExIChJRDogMTgzNDgxMDE2OTU5NDg4MikNCkFkIEdyb3VwOiBBZCBncm91cCAyMDI1MDYxMzAxNDIyMyAoSUQ6IDE4MzQ4MTAxODEyODc5NTMpDQpBZDogXzAwMSAoSUQ6IDE4MzQ4MTE0OTIwMzQ2MjYpDQpPcmlnaW5hbCBQaG9uZTogKzQ1MjA0MTQ0MTYNCi0tLSDQn9C+0LLQvdC40Lkg0YLQtdC60YHRgiDQu9C40YHRgtCwIC0tLQ0KLS0tLS0tLS0tLSBGb3J3YXJkZWQgbWVzc2FnZSAtLS0tLS0tLS0NCtCS0ZbQtDogTGVhZHNCcmlkZ2UgU3VwcG9ydCA8c3VwcG9ydEBsZWFkc2JyaWRnZS5jb20+DQpEYXRlOiDQstGCLCAxNyDRh9C10YDQsi4gMjAyNeKAr9GALiDQviAwODowNg0KU3ViamVjdDog0JvQhtC00LgNClRvOiA8dGVybW92aWtuYUBnbWFpbC5jb20+DQoNCg0KKmZvcm1faWQ6KiA3NTA0NjMzMTQ5NzE3MDg2NDcyDQoqTGVhZCBJZDoqIDc1MTY3Nzg1Mjk0Njg1ODAxMTgNCipDcmVhdGUgVGltZToqIDIwMjUtMDYtMTcgMDU6MDY6MDMoVVRDKzAwOjAwKQ0KKkFkIElkOiogMTgzNDgxMTQ5MjAzNDYyNg0KKkFkIE5hbWU6KiBfMDAxDQoqQWRncm91cCBJZDoqIDE4MzQ4MTAxODEyODc5NTMNCipBZGdyb3VwIE5hbWU6KiBBZCBncm91cCAyMDI1MDYxMzAxNDIyMw0KKkNhbXBhaWduIElkOiogMTgzNDgxMDE2OTU5NDg4Mg0KKkNhbXBhaWduIE5hbWU6KiBMZWFkIGdlbmVyYXRpb24yMDI1MDYxMzEzNDIxMQ0KKkZvcm0gTmFtZToqINCb0ZbQtNC4INCE0LLRgNC+0L/QsA0KKk5hbWU6KiBHYWJyaWVsYSBHYWJvcm92YQ0KKlBob25lIE51bWJlcjoqICs0NTIwNDE0NDE2DQoqRm9ybSBJRDoqIDc1MDQ2MzMxNDk3MTcwODY0NzKUaGNHQI9AAAAAAABoZIwTNzUxNjc3ODUyOTQ2ODU4MDExOJRoZmhnaGhOaGmMIDIwMjUtMDYtMThUMTI6NDM6MzAuODM0NDYwKzAzOjAwlGhrTmhsTmhtTmhuTmhvTmhwTmhxTmhySwJ1fZQoaFhLeGiDjAVhZG1pbpRoWYwSVGV0eWFuYSBQcm9rb3BlbmtvlGhbjAwzOTM2NjU0MjY1NDWUaF1oXmhfjAVlbWFpbJRoYVjpAwAATGVhZCBJRDogNzUxNjg0NjgyMzUzNzk4Mzc2Ng0KRm9ybSBJRDogNzUwNDYzMzE0OTcxNzA4NjQ3Mg0KQ3JlYXRlIFRpbWU6IDIwMjUtMDYtMTcgMDk6Mjg6NDIoVVRDKzAwOjAwKQ0KRm9ybSBOYW1lOiDQm9GW0LTQuCDQhNCy0YDQvtC/0LANCkNhbXBhaWduOiBMZWFkIGdlbmVyYXRpb24yMDI1MDYxMzEzNDIxMSAoSUQ6IDE4MzQ4MTAxNjk1OTQ4ODIpDQpBZCBHcm91cDogQWQgZ3JvdXAgMjAyNTA2MTMwMTQyMjMgKElEOiAxODM0ODEwMTgxMjg3OTUzKQ0KQWQ6IF8wMDEgKElEOiAxODM0ODExNDkyMDMzNjk4KQ0KT3JpZ2luYWwgUGhvbmU6ICszOSAzNjYgNTQyIDY1NDUNCi0tLSDQn9C+0LLQvdC40Lkg0YLQtdC60YHRgiDQu9C40YHRgtCwIC0tLQ0KLS0tLS0tLS0tLSBGb3J3YXJkZWQgbWVzc2FnZSAtLS0tLS0tLS0NCtCS0ZbQtDogTGVhZHNCcmlkZ2UgU3VwcG9ydCA8c3VwcG9ydEBsZWFkc2JyaWRnZS5jb20+DQpEYXRlOiDQstGCLCAxNyDRh9C10YDQsi4gMjAyNeKAr9GALiDQviAxMjoyOQ0KU3ViamVjdDog0JvQhtC00LgNClRvOiA8dGVybW92aWtuYUBnbWFpbC5jb20+DQoNCg0KKmZvcm1faWQ6KiA3NTA0NjMzMTQ5NzE3MDg2NDcyDQoqTGVhZCBJZDoqIDc1MTY4NDY4MjM1Mzc5ODM3NjYNCipDcmVhdGUgVGltZToqIDIwMjUtMDYtMTcgMDk6Mjg6NDIoVVRDKzAwOjAwKQ0KKkFkIElkOiogMTgzNDgxMTQ5MjAzMzY5OA0KKkFkIE5hbWU6KiBfMDAxDQoqQWRncm91cCBJZDoqIDE4MzQ4MTAxODEyODc5NTMNCipBZGdyb3VwIE5hbWU6KiBBZCBncm91cCAyMDI1MDYxMzAxNDIyMw0KKkNhbXBhaWduIElkOiogMTgzNDgxMDE2OTU5NDg4Mg0KKkNhbXBhaWduIE5hbWU6KiBMZWFkIGdlbmVyYXRpb24yMDI1MDYxMzEzNDIxMQ0KKkZvcm0gTmFtZToqINCb0ZbQtNC4INCE0LLRgNC+0L/QsA0KKk5hbWU6KiBUZXR5YW5hIFByb2tvcGVua28NCipQaG9uZSBOdW1iZXI6KiArMzkgMzY2IDU0MiA2NTQ1DQoqRm9ybSBJRDoqIDc1MDQ2MzMxNDk3MTcwODY0NzKUaGNHQI9AAAAAAABoZIwTNzUxNjg0NjgyMzUzNzk4Mzc2NpRoZmhnaGhOaGmMIDIwMjUtMDYtMThUMTI6NDM6MzAuNTk1MjQzKzAzOjAwlGhrTmhsTmhtTmhuTmhvTmhwTmhxTmhySwF1ZYWUUpR1jAlleGNlcHRpb26UiYwMY29udGVudF90eXBllE6ME2FjY2VwdGVkX21lZGlhX3R5cGWUaBGMEV9jbG9zYWJsZV9vYmplY3RzlF2UdWIu', '2025-06-23 13:13:58']; alias=default
DEBUG 2025-06-23 16:08:58,329 utils 11268 2608 (0.000) COMMIT; args=None; alias=default
DEBUG 2025-06-23 16:10:17,910 utils 8772 18716 (0.000) SELECT "backend_emailintegrationsettings"."id", "backend_emailintegrationsettings"."name", "backend_emailintegrationsettings"."email", "backend_emailintegrationsettings"."app_password", "backend_emailintegrationsettings"."imap_host", "backend_emailintegrationsettings"."folder", "backend_emailintegrationsettings"."allowed_sender", "backend_emailintegrationsettings"."allowed_subject_keyword", "backend_emailintegrationsettings"."check_interval" FROM "backend_emailintegrationsettings" WHERE "backend_emailintegrationsettings"."name" = 'default' LIMIT 21; args=('default',); alias=default
DEBUG 2025-06-23 16:10:18,129 utils 8772 14392 (0.000) 
            SELECT name, type FROM sqlite_master
            WHERE type in ('table', 'view') AND NOT name='sqlite_sequence'
            ORDER BY name; args=None; alias=default
DEBUG 2025-06-23 16:10:18,296 utils 8772 18308 (0.000) 
            SELECT name, type FROM sqlite_master
            WHERE type in ('table', 'view') AND NOT name='sqlite_sequence'
            ORDER BY name; args=None; alias=default
DEBUG 2025-06-23 16:10:18,297 utils 8772 18308 (0.000) SELECT "django_migrations"."id", "django_migrations"."app", "django_migrations"."name", "django_migrations"."applied" FROM "django_migrations"; args=(); alias=default
DEBUG 2025-06-23 16:10:49,891 utils 18424 10792 (0.000) 
            SELECT name, type FROM sqlite_master
            WHERE type in ('table', 'view') AND NOT name='sqlite_sequence'
            ORDER BY name; args=None; alias=default
DEBUG 2025-06-23 16:10:50,418 utils 3812 2096 (0.000) SELECT "backend_emailintegrationsettings"."id", "backend_emailintegrationsettings"."name", "backend_emailintegrationsettings"."email", "backend_emailintegrationsettings"."app_password", "backend_emailintegrationsettings"."imap_host", "backend_emailintegrationsettings"."folder", "backend_emailintegrationsettings"."allowed_sender", "backend_emailintegrationsettings"."allowed_subject_keyword", "backend_emailintegrationsettings"."check_interval" FROM "backend_emailintegrationsettings" WHERE "backend_emailintegrationsettings"."name" = 'default' LIMIT 21; args=('default',); alias=default
DEBUG 2025-06-23 16:10:50,560 utils 3812 8920 (0.000) 
            SELECT name, type FROM sqlite_master
            WHERE type in ('table', 'view') AND NOT name='sqlite_sequence'
            ORDER BY name; args=None; alias=default
DEBUG 2025-06-23 16:10:50,697 utils 3812 11588 (0.000) 
            SELECT name, type FROM sqlite_master
            WHERE type in ('table', 'view') AND NOT name='sqlite_sequence'
            ORDER BY name; args=None; alias=default
DEBUG 2025-06-23 16:10:50,699 utils 3812 11588 (0.000) SELECT "django_migrations"."id", "django_migrations"."app", "django_migrations"."name", "django_migrations"."applied" FROM "django_migrations"; args=(); alias=default
DEBUG 2025-06-23 16:10:52,832 utils 3812 10960 (0.000) SELECT "cache_key", "value", "expires" FROM "cache_table" WHERE "cache_key" IN (':1:views.decorators.cache.cache_header.nashcrm.91cbdc68949ff257b18b1f9f54e9205b.uk.Europe/Kyiv'); args=[':1:views.decorators.cache.cache_header.nashcrm.91cbdc68949ff257b18b1f9f54e9205b.uk.Europe/Kyiv']; alias=default
DEBUG 2025-06-23 16:10:52,833 utils 3812 10960 (0.000) SELECT "cache_key", "value", "expires" FROM "cache_table" WHERE "cache_key" IN (':1:views.decorators.cache.cache_page.nashcrm.GET.91cbdc68949ff257b18b1f9f54e9205b.d41d8cd98f00b204e9800998ecf8427e.uk.Europe/Kyiv'); args=[':1:views.decorators.cache.cache_page.nashcrm.GET.91cbdc68949ff257b18b1f9f54e9205b.d41d8cd98f00b204e9800998ecf8427e.uk.Europe/Kyiv']; alias=default
DEBUG 2025-06-23 16:11:02,599 utils 3812 10960 (0.000) SELECT "cache_key", "value", "expires" FROM "cache_table" WHERE "cache_key" IN (':1:views.decorators.cache.cache_header.nashcrm.91cbdc68949ff257b18b1f9f54e9205b.uk.Europe/Kyiv'); args=[':1:views.decorators.cache.cache_header.nashcrm.91cbdc68949ff257b18b1f9f54e9205b.uk.Europe/Kyiv']; alias=default
DEBUG 2025-06-23 16:11:02,599 utils 3812 10960 (0.000) SELECT "cache_key", "value", "expires" FROM "cache_table" WHERE "cache_key" IN (':1:views.decorators.cache.cache_page.nashcrm.GET.91cbdc68949ff257b18b1f9f54e9205b.d41d8cd98f00b204e9800998ecf8427e.uk.Europe/Kyiv'); args=[':1:views.decorators.cache.cache_page.nashcrm.GET.91cbdc68949ff257b18b1f9f54e9205b.d41d8cd98f00b204e9800998ecf8427e.uk.Europe/Kyiv']; alias=default
DEBUG 2025-06-23 16:16:11,813 utils 12468 19720 (0.000) 
            SELECT name, type FROM sqlite_master
            WHERE type in ('table', 'view') AND NOT name='sqlite_sequence'
            ORDER BY name; args=None; alias=default
DEBUG 2025-06-23 16:16:12,516 utils 13892 16284 (0.000) SELECT "backend_emailintegrationsettings"."id", "backend_emailintegrationsettings"."name", "backend_emailintegrationsettings"."email", "backend_emailintegrationsettings"."app_password", "backend_emailintegrationsettings"."imap_host", "backend_emailintegrationsettings"."folder", "backend_emailintegrationsettings"."allowed_sender", "backend_emailintegrationsettings"."allowed_subject_keyword", "backend_emailintegrationsettings"."check_interval" FROM "backend_emailintegrationsettings" WHERE "backend_emailintegrationsettings"."name" = 'default' LIMIT 21; args=('default',); alias=default
DEBUG 2025-06-23 16:16:12,694 utils 13892 17472 (0.000) 
            SELECT name, type FROM sqlite_master
            WHERE type in ('table', 'view') AND NOT name='sqlite_sequence'
            ORDER BY name; args=None; alias=default
DEBUG 2025-06-23 16:16:12,854 utils 13892 8636 (0.000) 
            SELECT name, type FROM sqlite_master
            WHERE type in ('table', 'view') AND NOT name='sqlite_sequence'
            ORDER BY name; args=None; alias=default
DEBUG 2025-06-23 16:16:12,856 utils 13892 8636 (0.000) SELECT "django_migrations"."id", "django_migrations"."app", "django_migrations"."name", "django_migrations"."applied" FROM "django_migrations"; args=(); alias=default
